<?xml version="1.0" encoding="UTF-8"?>
<!-- Generated by org.testng.reporters.JUnitXMLReporter -->
<testsuite ignored="0" hostname="LAPTOP-JT7OLNTB" failures="0" tests="6" name="Default test" time="74.585" errors="0" timestamp="2024-12-16T10:26:54 IST">
  <testcase classname="stockSummary.Stock_summary_general" name="testFilters" time="15.562"/>
  <testcase classname="stockSummary.Stock_summary_general" name="testFilters" time="9.595"/>
  <testcase classname="stockSummary.Stock_summary_general" name="testFilters" time="10.263"/>
  <testcase classname="stockSummary.Stock_summary_general" name="testFilters" time="8.956"/>
  <testcase classname="stockSummary.Stock_summary_general" name="testFilters" time="7.129"/>
  <testcase classname="stockSummary.Stock_summary_general" name="testFilters" time="7.141"/>
</testsuite> <!-- Default test -->
