<?xml version="1.0" encoding="UTF-8"?>
<!-- Generated by org.testng.reporters.JUnitXMLReporter -->
<testsuite ignored="0" hostname="LAPTOP-JT7OLNTB" failures="0" tests="177" name="Default test" time="1808.002" errors="0" timestamp="2024-11-29T10:50:43 IST">
  <testcase classname="stockSummary.Stock_summary_general" name="xpath" time="11.217"/>
  <testcase classname="stockSummary.Stock_summary_general" name="xpath" time="10.218"/>
  <testcase classname="stockSummary.Stock_summary_general" name="xpath" time="9.458"/>
  <testcase classname="stockSummary.Stock_summary_general" name="xpath" time="10.219"/>
  <testcase classname="stockSummary.Stock_summary_general" name="xpath" time="10.612"/>
  <testcase classname="stockSummary.Stock_summary_general" name="xpath" time="10.414"/>
  <testcase classname="stockSummary.Stock_summary_general" name="xpath" time="11.896"/>
  <testcase classname="stockSummary.Stock_summary_general" name="xpath" time="10.203"/>
  <testcase classname="stockSummary.Stock_summary_general" name="xpath" time="10.456"/>
  <testcase classname="stockSummary.Stock_summary_general" name="xpath" time="10.078"/>
  <testcase classname="stockSummary.Stock_summary_general" name="xpath" time="9.562"/>
  <testcase classname="stockSummary.Stock_summary_general" name="xpath" time="10.183"/>
  <testcase classname="stockSummary.Stock_summary_general" name="xpath" time="9.959"/>
  <testcase classname="stockSummary.Stock_summary_general" name="xpath" time="9.359"/>
  <testcase classname="stockSummary.Stock_summary_general" name="xpath" time="9.29"/>
  <testcase classname="stockSummary.Stock_summary_general" name="xpath" time="9.507"/>
  <testcase classname="stockSummary.Stock_summary_general" name="xpath" time="9.332"/>
  <testcase classname="stockSummary.Stock_summary_general" name="xpath" time="9.098"/>
  <testcase classname="stockSummary.Stock_summary_general" name="xpath" time="9.626"/>
  <testcase classname="stockSummary.Stock_summary_general" name="xpath" time="11.771"/>
  <testcase classname="stockSummary.Stock_summary_general" name="xpath" time="9.546"/>
  <testcase classname="stockSummary.Stock_summary_general" name="xpath" time="9.49"/>
  <testcase classname="stockSummary.Stock_summary_general" name="xpath" time="9.685"/>
  <testcase classname="stockSummary.Stock_summary_general" name="xpath" time="9.912"/>
  <testcase classname="stockSummary.Stock_summary_general" name="xpath" time="10.885"/>
  <testcase classname="stockSummary.Stock_summary_general" name="xpath" time="12.079"/>
  <testcase classname="stockSummary.Stock_summary_general" name="xpath" time="10.328"/>
  <testcase classname="stockSummary.Stock_summary_general" name="xpath" time="9.381"/>
  <testcase classname="stockSummary.Stock_summary_general" name="xpath" time="9.449"/>
  <testcase classname="stockSummary.Stock_summary_general" name="xpath" time="10.224"/>
  <testcase classname="stockSummary.Stock_summary_general" name="xpath" time="12.481"/>
  <testcase classname="stockSummary.Stock_summary_general" name="xpath" time="10.792"/>
  <testcase classname="stockSummary.Stock_summary_general" name="xpath" time="10.424"/>
  <testcase classname="stockSummary.Stock_summary_general" name="xpath" time="9.484"/>
  <testcase classname="stockSummary.Stock_summary_general" name="xpath" time="9.266"/>
  <testcase classname="stockSummary.Stock_summary_general" name="xpath" time="9.37"/>
  <testcase classname="stockSummary.Stock_summary_general" name="xpath" time="9.413"/>
  <testcase classname="stockSummary.Stock_summary_general" name="xpath" time="9.232"/>
  <testcase classname="stockSummary.Stock_summary_general" name="xpath" time="10.816"/>
  <testcase classname="stockSummary.Stock_summary_general" name="xpath" time="9.399"/>
  <testcase classname="stockSummary.Stock_summary_general" name="xpath" time="10.42"/>
  <testcase classname="stockSummary.Stock_summary_general" name="xpath" time="10.902"/>
  <testcase classname="stockSummary.Stock_summary_general" name="xpath" time="10.152"/>
  <testcase classname="stockSummary.Stock_summary_general" name="xpath" time="10.064"/>
  <testcase classname="stockSummary.Stock_summary_general" name="xpath" time="9.676"/>
  <testcase classname="stockSummary.Stock_summary_general" name="xpath" time="9.597"/>
  <testcase classname="stockSummary.Stock_summary_general" name="xpath" time="9.549"/>
  <testcase classname="stockSummary.Stock_summary_general" name="xpath" time="10.306"/>
  <testcase classname="stockSummary.Stock_summary_general" name="xpath" time="10.473"/>
  <testcase classname="stockSummary.Stock_summary_general" name="xpath" time="9.985"/>
  <testcase classname="stockSummary.Stock_summary_general" name="xpath" time="10.29"/>
  <testcase classname="stockSummary.Stock_summary_general" name="xpath" time="14.129"/>
  <testcase classname="stockSummary.Stock_summary_general" name="xpath" time="9.956"/>
  <testcase classname="stockSummary.Stock_summary_general" name="xpath" time="10.137"/>
  <testcase classname="stockSummary.Stock_summary_general" name="xpath" time="9.94"/>
  <testcase classname="stockSummary.Stock_summary_general" name="xpath" time="9.885"/>
  <testcase classname="stockSummary.Stock_summary_general" name="xpath" time="10.058"/>
  <testcase classname="stockSummary.Stock_summary_general" name="xpath" time="9.923"/>
  <testcase classname="stockSummary.Stock_summary_general" name="xpath" time="9.977"/>
  <testcase classname="stockSummary.Stock_summary_general" name="xpath" time="10.006"/>
  <testcase classname="stockSummary.Stock_summary_general" name="xpath" time="10.004"/>
  <testcase classname="stockSummary.Stock_summary_general" name="xpath" time="9.814"/>
  <testcase classname="stockSummary.Stock_summary_general" name="xpath" time="10.06"/>
  <testcase classname="stockSummary.Stock_summary_general" name="xpath" time="10.011"/>
  <testcase classname="stockSummary.Stock_summary_general" name="xpath" time="10.076"/>
  <testcase classname="stockSummary.Stock_summary_general" name="xpath" time="10.027"/>
  <testcase classname="stockSummary.Stock_summary_general" name="xpath" time="10.134"/>
  <testcase classname="stockSummary.Stock_summary_general" name="xpath" time="9.98"/>
  <testcase classname="stockSummary.Stock_summary_general" name="xpath" time="10.133"/>
  <testcase classname="stockSummary.Stock_summary_general" name="xpath" time="9.787"/>
  <testcase classname="stockSummary.Stock_summary_general" name="xpath" time="9.714"/>
  <testcase classname="stockSummary.Stock_summary_general" name="xpath" time="9.648"/>
  <testcase classname="stockSummary.Stock_summary_general" name="xpath" time="9.634"/>
  <testcase classname="stockSummary.Stock_summary_general" name="xpath" time="9.88"/>
  <testcase classname="stockSummary.Stock_summary_general" name="xpath" time="10.33"/>
  <testcase classname="stockSummary.Stock_summary_general" name="xpath" time="9.316"/>
  <testcase classname="stockSummary.Stock_summary_general" name="xpath" time="10.12"/>
  <testcase classname="stockSummary.Stock_summary_general" name="xpath" time="9.955"/>
  <testcase classname="stockSummary.Stock_summary_general" name="xpath" time="9.318"/>
  <testcase classname="stockSummary.Stock_summary_general" name="xpath" time="9.195"/>
  <testcase classname="stockSummary.Stock_summary_general" name="xpath" time="9.611"/>
  <testcase classname="stockSummary.Stock_summary_general" name="xpath" time="9.402"/>
  <testcase classname="stockSummary.Stock_summary_general" name="xpath" time="9.394"/>
  <testcase classname="stockSummary.Stock_summary_general" name="xpath" time="9.49"/>
  <testcase classname="stockSummary.Stock_summary_general" name="xpath" time="9.357"/>
  <testcase classname="stockSummary.Stock_summary_general" name="xpath" time="10.182"/>
  <testcase classname="stockSummary.Stock_summary_general" name="xpath" time="9.121"/>
  <testcase classname="stockSummary.Stock_summary_general" name="xpath" time="8.995"/>
  <testcase classname="stockSummary.Stock_summary_general" name="xpath" time="9.057"/>
  <testcase classname="stockSummary.Stock_summary_general" name="xpath" time="9.072"/>
  <testcase classname="stockSummary.Stock_summary_general" name="xpath" time="9.809"/>
  <testcase classname="stockSummary.Stock_summary_general" name="xpath" time="9.051"/>
  <testcase classname="stockSummary.Stock_summary_general" name="xpath" time="10.063"/>
  <testcase classname="stockSummary.Stock_summary_general" name="xpath" time="9.616"/>
  <testcase classname="stockSummary.Stock_summary_general" name="xpath" time="9.648"/>
  <testcase classname="stockSummary.Stock_summary_general" name="xpath" time="9.607"/>
  <testcase classname="stockSummary.Stock_summary_general" name="xpath" time="12.533"/>
  <testcase classname="stockSummary.Stock_summary_general" name="xpath" time="13.473"/>
  <testcase classname="stockSummary.Stock_summary_general" name="xpath" time="12.99"/>
  <testcase classname="stockSummary.Stock_summary_general" name="xpath" time="11.292"/>
  <testcase classname="stockSummary.Stock_summary_general" name="xpath" time="10.72"/>
  <testcase classname="stockSummary.Stock_summary_general" name="xpath" time="10.65"/>
  <testcase classname="stockSummary.Stock_summary_general" name="xpath" time="10.685"/>
  <testcase classname="stockSummary.Stock_summary_general" name="xpath" time="10.24"/>
  <testcase classname="stockSummary.Stock_summary_general" name="xpath" time="11.701"/>
  <testcase classname="stockSummary.Stock_summary_general" name="xpath" time="10.987"/>
  <testcase classname="stockSummary.Stock_summary_general" name="xpath" time="11.909"/>
  <testcase classname="stockSummary.Stock_summary_general" name="xpath" time="11.09"/>
  <testcase classname="stockSummary.Stock_summary_general" name="xpath" time="9.613"/>
  <testcase classname="stockSummary.Stock_summary_general" name="xpath" time="9.887"/>
  <testcase classname="stockSummary.Stock_summary_general" name="xpath" time="9.074"/>
  <testcase classname="stockSummary.Stock_summary_general" name="xpath" time="9.096"/>
  <testcase classname="stockSummary.Stock_summary_general" name="xpath" time="9.339"/>
  <testcase classname="stockSummary.Stock_summary_general" name="xpath" time="9.129"/>
  <testcase classname="stockSummary.Stock_summary_general" name="xpath" time="9.15"/>
  <testcase classname="stockSummary.Stock_summary_general" name="xpath" time="9.133"/>
  <testcase classname="stockSummary.Stock_summary_general" name="xpath" time="9.381"/>
  <testcase classname="stockSummary.Stock_summary_general" name="xpath" time="9.729"/>
  <testcase classname="stockSummary.Stock_summary_general" name="xpath" time="9.32"/>
  <testcase classname="stockSummary.Stock_summary_general" name="xpath" time="9.388"/>
  <testcase classname="stockSummary.Stock_summary_general" name="xpath" time="9.305"/>
  <testcase classname="stockSummary.Stock_summary_general" name="xpath" time="9.337"/>
  <testcase classname="stockSummary.Stock_summary_general" name="xpath" time="9.157"/>
  <testcase classname="stockSummary.Stock_summary_general" name="xpath" time="9.199"/>
  <testcase classname="stockSummary.Stock_summary_general" name="xpath" time="9.199"/>
  <testcase classname="stockSummary.Stock_summary_general" name="xpath" time="9.441"/>
  <testcase classname="stockSummary.Stock_summary_general" name="xpath" time="9.297"/>
  <testcase classname="stockSummary.Stock_summary_general" name="xpath" time="9.132"/>
  <testcase classname="stockSummary.Stock_summary_general" name="xpath" time="9.452"/>
  <testcase classname="stockSummary.Stock_summary_general" name="xpath" time="9.371"/>
  <testcase classname="stockSummary.Stock_summary_general" name="xpath" time="9.381"/>
  <testcase classname="stockSummary.Stock_summary_general" name="xpath" time="9.445"/>
  <testcase classname="stockSummary.Stock_summary_general" name="xpath" time="9.371"/>
  <testcase classname="stockSummary.Stock_summary_general" name="xpath" time="9.298"/>
  <testcase classname="stockSummary.Stock_summary_general" name="xpath" time="9.12"/>
  <testcase classname="stockSummary.Stock_summary_general" name="xpath" time="9.114"/>
  <testcase classname="stockSummary.Stock_summary_general" name="xpath" time="9.091"/>
  <testcase classname="stockSummary.Stock_summary_general" name="xpath" time="9.143"/>
  <testcase classname="stockSummary.Stock_summary_general" name="xpath" time="9.117"/>
  <testcase classname="stockSummary.Stock_summary_general" name="xpath" time="9.055"/>
  <testcase classname="stockSummary.Stock_summary_general" name="xpath" time="9.201"/>
  <testcase classname="stockSummary.Stock_summary_general" name="xpath" time="9.367"/>
  <testcase classname="stockSummary.Stock_summary_general" name="xpath" time="9.379"/>
  <testcase classname="stockSummary.Stock_summary_general" name="xpath" time="9.179"/>
  <testcase classname="stockSummary.Stock_summary_general" name="xpath" time="9.382"/>
  <testcase classname="stockSummary.Stock_summary_general" name="xpath" time="9.264"/>
  <testcase classname="stockSummary.Stock_summary_general" name="xpath" time="9.022"/>
  <testcase classname="stockSummary.Stock_summary_general" name="xpath" time="9.207"/>
  <testcase classname="stockSummary.Stock_summary_general" name="xpath" time="9.161"/>
  <testcase classname="stockSummary.Stock_summary_general" name="xpath" time="9.089"/>
  <testcase classname="stockSummary.Stock_summary_general" name="xpath" time="9.21"/>
  <testcase classname="stockSummary.Stock_summary_general" name="xpath" time="9.129"/>
  <testcase classname="stockSummary.Stock_summary_general" name="xpath" time="8.994"/>
  <testcase classname="stockSummary.Stock_summary_general" name="xpath" time="9.626"/>
  <testcase classname="stockSummary.Stock_summary_general" name="xpath" time="9.55"/>
  <testcase classname="stockSummary.Stock_summary_general" name="xpath" time="9.982"/>
  <testcase classname="stockSummary.Stock_summary_general" name="xpath" time="9.528"/>
  <testcase classname="stockSummary.Stock_summary_general" name="xpath" time="9.65"/>
  <testcase classname="stockSummary.Stock_summary_general" name="xpath" time="9.79"/>
  <testcase classname="stockSummary.Stock_summary_general" name="xpath" time="9.791"/>
  <testcase classname="stockSummary.Stock_summary_general" name="xpath" time="9.783"/>
  <testcase classname="stockSummary.Stock_summary_general" name="xpath" time="9.575"/>
  <testcase classname="stockSummary.Stock_summary_general" name="xpath" time="9.58"/>
  <testcase classname="stockSummary.Stock_summary_general" name="xpath" time="9.729"/>
  <testcase classname="stockSummary.Stock_summary_general" name="xpath" time="10.013"/>
  <testcase classname="stockSummary.Stock_summary_general" name="xpath" time="9.949"/>
  <testcase classname="stockSummary.Stock_summary_general" name="xpath" time="10.191"/>
  <testcase classname="stockSummary.Stock_summary_general" name="xpath" time="9.834"/>
  <testcase classname="stockSummary.Stock_summary_general" name="xpath" time="9.704"/>
  <testcase classname="stockSummary.Stock_summary_general" name="xpath" time="9.818"/>
  <testcase classname="stockSummary.Stock_summary_general" name="xpath" time="10.112"/>
  <testcase classname="stockSummary.Stock_summary_general" name="xpath" time="10.153"/>
  <testcase classname="stockSummary.Stock_summary_general" name="xpath" time="15.951"/>
  <testcase classname="stockSummary.Stock_summary_general" name="xpath" time="19.589"/>
  <testcase classname="stockSummary.Stock_summary_general" name="xpath" time="18.279"/>
  <testcase classname="stockSummary.Stock_summary_general" name="xpath" time="12.188"/>
  <testcase classname="stockSummary.Stock_summary_general" name="xpath" time="12.548"/>
</testsuite> <!-- Default test -->
