<?xml version="1.0" encoding="UTF-8"?>
<!-- Generated by org.testng.reporters.JUnitXMLReporter -->
<testsuite ignored="0" hostname="LAPTOP-JT7OLNTB" failures="0" tests="6" name="Test" time="125.167" errors="0" timestamp="2024-12-11T16:44:21 IST">
  <testcase classname="stockSummary.Stock_summary_general" name="xpath" time="17.798"/>
  <testcase classname="stockSummary.Stock_summary_general" name="xpath" time="8.173"/>
  <testcase classname="stockSummary.Stock_summary_general" name="xpath" time="17.161"/>
  <testcase classname="stockSummary.Stock_summary_general" name="xpath" time="13.913"/>
  <testcase classname="stockSummary.Stock_summary_general" name="xpath" time="7.555"/>
  <testcase classname="stockSummary.Stock_summary_general" name="xpath" time="7.282"/>
</testsuite> <!-- Test -->
