<?xml version="1.0" encoding="UTF-8"?>
<!-- Generated by org.testng.reporters.JUnitXMLReporter -->
<testsuite ignored="0" hostname="LAPTOP-JT7OLNTB" failures="0" tests="6" name="Test" time="82.063" errors="0" timestamp="2024-12-09T09:34:27 IST">
  <testcase classname="stockSummary.Stock_summary_general" name="xpath" time="15.568"/>
  <testcase classname="stockSummary.Stock_summary_general" name="xpath" time="8.058"/>
  <testcase classname="stockSummary.Stock_summary_general" name="xpath" time="12.046"/>
  <testcase classname="stockSummary.Stock_summary_general" name="xpath" time="11.176"/>
  <testcase classname="stockSummary.Stock_summary_general" name="xpath" time="7.827"/>
  <testcase classname="stockSummary.Stock_summary_general" name="xpath" time="7.498"/>
</testsuite> <!-- Test -->
