<?xml version="1.0" encoding="UTF-8"?>
<testsuite xmlns:xsi="http://www.w3.org/2001/XMLSchema-instance" xsi:noNamespaceSchemaLocation="https://maven.apache.org/surefire/maven-surefire-plugin/xsd/surefire-test-report-3.0.xsd" version="3.0" name="TestSuite" time="84.378" tests="6" errors="0" skipped="0" failures="0">
  <properties>
[...]
</properties>
  <testcase name="xpath[Consolidated, General, All, Group Wise](1)" classname="stockSummary.Stock_summary_general" time="15.568">
    <system-out><![CDATA[...
... TestNG 7.10.2 by Cédric Beust (cedric@beust.com)
...

Login - ientERPrise | ERP for SME | CRM Package |
Freedom beta page launched successfully
Freedom beta Login successfully
Alert is present! Accepting alert...
Filter Successfully Loaded true 1
]]></system-out>
    <system-err><![CDATA[SLF4J(W): No SLF4J providers were found.
SLF4J(W): Defaulting to no-operation (NOP) logger implementation
SLF4J(W): See https://www.slf4j.org/codes.html#noProviders for further details.
]]></system-err>
  </testcase>
  <testcase name="xpath[Consolidated, General, All, Material Wise](2)" classname="stockSummary.Stock_summary_general" time="8.061">
    <system-out><![CDATA[Filter Successfully Loaded true 2
]]></system-out>
  </testcase>
  <testcase name="xpath[Consolidated, General, All, HSN Wise](3)" classname="stockSummary.Stock_summary_general" time="12.044">
    <system-out><![CDATA[Filter Successfully Loaded true 3
]]></system-out>
  </testcase>
  <testcase name="xpath[Consolidated, Labour, All, Group Wise](4)" classname="stockSummary.Stock_summary_general" time="11.168">
    <system-out><![CDATA[Filter Successfully Loaded true 4
]]></system-out>
  </testcase>
  <testcase name="xpath[Consolidated, Labour, All, Material Wise](5)" classname="stockSummary.Stock_summary_general" time="7.827">
    <system-out><![CDATA[Filter Successfully Loaded true 5
]]></system-out>
  </testcase>
  <testcase name="xpath[Consolidated, Labour, All, HSN Wise](6)" classname="stockSummary.Stock_summary_general" time="7.5">
    <system-out><![CDATA[Filter Successfully Loaded true 6
]]></system-out>
  </testcase>
</testsuite>