<?xml version="1.0" encoding="UTF-8"?>
<testng-results ignored="0" total="6" passed="6" failed="0" skipped="0">
  <reporter-output>
  </reporter-output>
  <suite started-at="2024-12-09T09:33:04 IST" name="Suite" finished-at="2024-12-09T09:34:26 IST" duration-ms="82063">
    <groups>
    </groups>
    <test started-at="2024-12-09T09:33:04 IST" name="Test" finished-at="2024-12-09T09:34:26 IST" duration-ms="82063">
      <class name="stockSummary.Stock_summary_general">
        <test-method is-config="true" signature="stock_Summary()[pri:0, instance:stockSummary.Stock_summary_general@10b9db7b]" started-at="2024-12-09T09:33:04 IST" name="stock_Summary" finished-at="2024-12-09T09:33:22 IST" duration-ms="18451" status="PASS">
          <reporter-output>
          </reporter-output>
        </test-method> <!-- stock_Summary -->
        <test-method signature="xpath(java.lang.String,java.lang.String,java.lang.String,java.lang.String)[pri:0, instance:stockSummary.Stock_summary_general@10b9db7b]" started-at="2024-12-09T09:33:23 IST" name="xpath" data-provider="filterData1" finished-at="2024-12-09T09:33:38 IST" duration-ms="15568" status="PASS">
          <params>
            <param index="0">
              <value>
                <![CDATA[Consolidated]]>
              </value>
            </param>
            <param index="1">
              <value>
                <![CDATA[General]]>
              </value>
            </param>
            <param index="2">
              <value>
                <![CDATA[All]]>
              </value>
            </param>
            <param index="3">
              <value>
                <![CDATA[Group Wise]]>
              </value>
            </param>
          </params>
          <reporter-output>
          </reporter-output>
        </test-method> <!-- xpath -->
        <test-method signature="xpath(java.lang.String,java.lang.String,java.lang.String,java.lang.String)[pri:0, instance:stockSummary.Stock_summary_general@10b9db7b]" started-at="2024-12-09T09:33:38 IST" name="xpath" data-provider="filterData1" finished-at="2024-12-09T09:33:46 IST" duration-ms="8058" status="PASS">
          <params>
            <param index="0">
              <value>
                <![CDATA[Consolidated]]>
              </value>
            </param>
            <param index="1">
              <value>
                <![CDATA[General]]>
              </value>
            </param>
            <param index="2">
              <value>
                <![CDATA[All]]>
              </value>
            </param>
            <param index="3">
              <value>
                <![CDATA[Material Wise]]>
              </value>
            </param>
          </params>
          <reporter-output>
          </reporter-output>
        </test-method> <!-- xpath -->
        <test-method signature="xpath(java.lang.String,java.lang.String,java.lang.String,java.lang.String)[pri:0, instance:stockSummary.Stock_summary_general@10b9db7b]" started-at="2024-12-09T09:33:46 IST" name="xpath" data-provider="filterData1" finished-at="2024-12-09T09:33:58 IST" duration-ms="12046" status="PASS">
          <params>
            <param index="0">
              <value>
                <![CDATA[Consolidated]]>
              </value>
            </param>
            <param index="1">
              <value>
                <![CDATA[General]]>
              </value>
            </param>
            <param index="2">
              <value>
                <![CDATA[All]]>
              </value>
            </param>
            <param index="3">
              <value>
                <![CDATA[HSN Wise]]>
              </value>
            </param>
          </params>
          <reporter-output>
          </reporter-output>
        </test-method> <!-- xpath -->
        <test-method signature="xpath(java.lang.String,java.lang.String,java.lang.String,java.lang.String)[pri:0, instance:stockSummary.Stock_summary_general@10b9db7b]" started-at="2024-12-09T09:33:58 IST" name="xpath" data-provider="filterData1" finished-at="2024-12-09T09:34:09 IST" duration-ms="11176" status="PASS">
          <params>
            <param index="0">
              <value>
                <![CDATA[Consolidated]]>
              </value>
            </param>
            <param index="1">
              <value>
                <![CDATA[Labour]]>
              </value>
            </param>
            <param index="2">
              <value>
                <![CDATA[All]]>
              </value>
            </param>
            <param index="3">
              <value>
                <![CDATA[Group Wise]]>
              </value>
            </param>
          </params>
          <reporter-output>
          </reporter-output>
        </test-method> <!-- xpath -->
        <test-method signature="xpath(java.lang.String,java.lang.String,java.lang.String,java.lang.String)[pri:0, instance:stockSummary.Stock_summary_general@10b9db7b]" started-at="2024-12-09T09:34:09 IST" name="xpath" data-provider="filterData1" finished-at="2024-12-09T09:34:17 IST" duration-ms="7827" status="PASS">
          <params>
            <param index="0">
              <value>
                <![CDATA[Consolidated]]>
              </value>
            </param>
            <param index="1">
              <value>
                <![CDATA[Labour]]>
              </value>
            </param>
            <param index="2">
              <value>
                <![CDATA[All]]>
              </value>
            </param>
            <param index="3">
              <value>
                <![CDATA[Material Wise]]>
              </value>
            </param>
          </params>
          <reporter-output>
          </reporter-output>
        </test-method> <!-- xpath -->
        <test-method signature="xpath(java.lang.String,java.lang.String,java.lang.String,java.lang.String)[pri:0, instance:stockSummary.Stock_summary_general@10b9db7b]" started-at="2024-12-09T09:34:17 IST" name="xpath" data-provider="filterData1" finished-at="2024-12-09T09:34:25 IST" duration-ms="7498" status="PASS">
          <params>
            <param index="0">
              <value>
                <![CDATA[Consolidated]]>
              </value>
            </param>
            <param index="1">
              <value>
                <![CDATA[Labour]]>
              </value>
            </param>
            <param index="2">
              <value>
                <![CDATA[All]]>
              </value>
            </param>
            <param index="3">
              <value>
                <![CDATA[HSN Wise]]>
              </value>
            </param>
          </params>
          <reporter-output>
          </reporter-output>
        </test-method> <!-- xpath -->
        <test-method is-config="true" signature="countsOutput()[pri:0, instance:stockSummary.Stock_summary_general@10b9db7b]" started-at="2024-12-09T09:34:25 IST" name="countsOutput" finished-at="2024-12-09T09:34:25 IST" duration-ms="1" status="PASS">
          <reporter-output>
          </reporter-output>
        </test-method> <!-- countsOutput -->
        <test-method is-config="true" signature="tearDown()[pri:0, instance:stockSummary.Stock_summary_general@10b9db7b]" started-at="2024-12-09T09:34:25 IST" name="tearDown" finished-at="2024-12-09T09:34:26 IST" duration-ms="1359" status="PASS">
          <reporter-output>
          </reporter-output>
        </test-method> <!-- tearDown -->
      </class> <!-- stockSummary.Stock_summary_general -->
    </test> <!-- Test -->
  </suite> <!-- Suite -->
</testng-results>
