<?xml version="1.0" encoding="UTF-8"?>
<testng-results ignored="0" total="177" passed="177" failed="0" skipped="0">
  <reporter-output>
  </reporter-output>
  <suite started-at="2024-11-29T10:20:35 IST" name="Default suite" finished-at="2024-11-29T10:50:43 IST" duration-ms="1808002">
    <groups>
    </groups>
    <test started-at="2024-11-29T10:20:35 IST" name="Default test" finished-at="2024-11-29T10:50:43 IST" duration-ms="1808002">
      <class name="stockSummary.Stock_summary_general">
        <test-method is-config="true" signature="stock_Summary()[pri:0, instance:stockSummary.Stock_summary_general@6d0b5baf]" started-at="2024-11-29T10:20:35 IST" name="stock_Summary" finished-at="2024-11-29T10:21:00 IST" duration-ms="25358" status="PASS">
          <reporter-output>
          </reporter-output>
        </test-method> <!-- stock_Summary -->
        <test-method signature="xpath(java.lang.String,java.lang.String,java.lang.String,java.lang.String)[pri:0, instance:stockSummary.Stock_summary_general@6d0b5baf]" started-at="2024-11-29T10:21:03 IST" name="xpath" data-provider="filterData" finished-at="2024-11-29T10:21:15 IST" duration-ms="11217" status="PASS">
          <params>
            <param index="0">
              <value>
                <![CDATA[Store Stock]]>
              </value>
            </param>
            <param index="1">
              <value>
                <![CDATA[General]]>
              </value>
            </param>
            <param index="2">
              <value>
                <![CDATA[All]]>
              </value>
            </param>
            <param index="3">
              <value>
                <![CDATA[Group Wise]]>
              </value>
            </param>
          </params>
          <reporter-output>
          </reporter-output>
        </test-method> <!-- xpath -->
        <test-method signature="xpath(java.lang.String,java.lang.String,java.lang.String,java.lang.String)[pri:0, instance:stockSummary.Stock_summary_general@6d0b5baf]" started-at="2024-11-29T10:21:15 IST" name="xpath" data-provider="filterData" finished-at="2024-11-29T10:21:25 IST" duration-ms="10218" status="PASS">
          <params>
            <param index="0">
              <value>
                <![CDATA[Store Stock]]>
              </value>
            </param>
            <param index="1">
              <value>
                <![CDATA[General]]>
              </value>
            </param>
            <param index="2">
              <value>
                <![CDATA[All]]>
              </value>
            </param>
            <param index="3">
              <value>
                <![CDATA[Material Wise]]>
              </value>
            </param>
          </params>
          <reporter-output>
          </reporter-output>
        </test-method> <!-- xpath -->
        <test-method signature="xpath(java.lang.String,java.lang.String,java.lang.String,java.lang.String)[pri:0, instance:stockSummary.Stock_summary_general@6d0b5baf]" started-at="2024-11-29T10:21:25 IST" name="xpath" data-provider="filterData" finished-at="2024-11-29T10:21:34 IST" duration-ms="9458" status="PASS">
          <params>
            <param index="0">
              <value>
                <![CDATA[Store Stock]]>
              </value>
            </param>
            <param index="1">
              <value>
                <![CDATA[General]]>
              </value>
            </param>
            <param index="2">
              <value>
                <![CDATA[All]]>
              </value>
            </param>
            <param index="3">
              <value>
                <![CDATA[HSN Wise ]]>
              </value>
            </param>
          </params>
          <reporter-output>
          </reporter-output>
        </test-method> <!-- xpath -->
        <test-method signature="xpath(java.lang.String,java.lang.String,java.lang.String,java.lang.String)[pri:0, instance:stockSummary.Stock_summary_general@6d0b5baf]" started-at="2024-11-29T10:21:34 IST" name="xpath" data-provider="filterData" finished-at="2024-11-29T10:21:45 IST" duration-ms="10219" status="PASS">
          <params>
            <param index="0">
              <value>
                <![CDATA[Store Stock]]>
              </value>
            </param>
            <param index="1">
              <value>
                <![CDATA[General]]>
              </value>
            </param>
            <param index="2">
              <value>
                <![CDATA[Stock Only]]>
              </value>
            </param>
            <param index="3">
              <value>
                <![CDATA[Group Wise]]>
              </value>
            </param>
          </params>
          <reporter-output>
          </reporter-output>
        </test-method> <!-- xpath -->
        <test-method signature="xpath(java.lang.String,java.lang.String,java.lang.String,java.lang.String)[pri:0, instance:stockSummary.Stock_summary_general@6d0b5baf]" started-at="2024-11-29T10:21:45 IST" name="xpath" data-provider="filterData" finished-at="2024-11-29T10:21:55 IST" duration-ms="10612" status="PASS">
          <params>
            <param index="0">
              <value>
                <![CDATA[Store Stock]]>
              </value>
            </param>
            <param index="1">
              <value>
                <![CDATA[General]]>
              </value>
            </param>
            <param index="2">
              <value>
                <![CDATA[Stock Only]]>
              </value>
            </param>
            <param index="3">
              <value>
                <![CDATA[Material Wise]]>
              </value>
            </param>
          </params>
          <reporter-output>
          </reporter-output>
        </test-method> <!-- xpath -->
        <test-method signature="xpath(java.lang.String,java.lang.String,java.lang.String,java.lang.String)[pri:0, instance:stockSummary.Stock_summary_general@6d0b5baf]" started-at="2024-11-29T10:21:55 IST" name="xpath" data-provider="filterData" finished-at="2024-11-29T10:22:06 IST" duration-ms="10414" status="PASS">
          <params>
            <param index="0">
              <value>
                <![CDATA[Store Stock]]>
              </value>
            </param>
            <param index="1">
              <value>
                <![CDATA[General]]>
              </value>
            </param>
            <param index="2">
              <value>
                <![CDATA[Stock Only]]>
              </value>
            </param>
            <param index="3">
              <value>
                <![CDATA[HSN Wise ]]>
              </value>
            </param>
          </params>
          <reporter-output>
          </reporter-output>
        </test-method> <!-- xpath -->
        <test-method signature="xpath(java.lang.String,java.lang.String,java.lang.String,java.lang.String)[pri:0, instance:stockSummary.Stock_summary_general@6d0b5baf]" started-at="2024-11-29T10:22:06 IST" name="xpath" data-provider="filterData" finished-at="2024-11-29T10:22:18 IST" duration-ms="11896" status="PASS">
          <params>
            <param index="0">
              <value>
                <![CDATA[Store Stock]]>
              </value>
            </param>
            <param index="1">
              <value>
                <![CDATA[General]]>
              </value>
            </param>
            <param index="2">
              <value>
                <![CDATA[MIN Stock]]>
              </value>
            </param>
            <param index="3">
              <value>
                <![CDATA[Group Wise]]>
              </value>
            </param>
          </params>
          <reporter-output>
          </reporter-output>
        </test-method> <!-- xpath -->
        <test-method signature="xpath(java.lang.String,java.lang.String,java.lang.String,java.lang.String)[pri:0, instance:stockSummary.Stock_summary_general@6d0b5baf]" started-at="2024-11-29T10:22:18 IST" name="xpath" data-provider="filterData" finished-at="2024-11-29T10:22:28 IST" duration-ms="10203" status="PASS">
          <params>
            <param index="0">
              <value>
                <![CDATA[Store Stock]]>
              </value>
            </param>
            <param index="1">
              <value>
                <![CDATA[General]]>
              </value>
            </param>
            <param index="2">
              <value>
                <![CDATA[MIN Stock]]>
              </value>
            </param>
            <param index="3">
              <value>
                <![CDATA[Material Wise]]>
              </value>
            </param>
          </params>
          <reporter-output>
          </reporter-output>
        </test-method> <!-- xpath -->
        <test-method signature="xpath(java.lang.String,java.lang.String,java.lang.String,java.lang.String)[pri:0, instance:stockSummary.Stock_summary_general@6d0b5baf]" started-at="2024-11-29T10:22:28 IST" name="xpath" data-provider="filterData" finished-at="2024-11-29T10:22:38 IST" duration-ms="10456" status="PASS">
          <params>
            <param index="0">
              <value>
                <![CDATA[Store Stock]]>
              </value>
            </param>
            <param index="1">
              <value>
                <![CDATA[General]]>
              </value>
            </param>
            <param index="2">
              <value>
                <![CDATA[MIN Stock]]>
              </value>
            </param>
            <param index="3">
              <value>
                <![CDATA[HSN Wise ]]>
              </value>
            </param>
          </params>
          <reporter-output>
          </reporter-output>
        </test-method> <!-- xpath -->
        <test-method signature="xpath(java.lang.String,java.lang.String,java.lang.String,java.lang.String)[pri:0, instance:stockSummary.Stock_summary_general@6d0b5baf]" started-at="2024-11-29T10:22:38 IST" name="xpath" data-provider="filterData" finished-at="2024-11-29T10:22:48 IST" duration-ms="10078" status="PASS">
          <params>
            <param index="0">
              <value>
                <![CDATA[Store Stock]]>
              </value>
            </param>
            <param index="1">
              <value>
                <![CDATA[General]]>
              </value>
            </param>
            <param index="2">
              <value>
                <![CDATA[Max Stock]]>
              </value>
            </param>
            <param index="3">
              <value>
                <![CDATA[Group Wise]]>
              </value>
            </param>
          </params>
          <reporter-output>
          </reporter-output>
        </test-method> <!-- xpath -->
        <test-method signature="xpath(java.lang.String,java.lang.String,java.lang.String,java.lang.String)[pri:0, instance:stockSummary.Stock_summary_general@6d0b5baf]" started-at="2024-11-29T10:22:48 IST" name="xpath" data-provider="filterData" finished-at="2024-11-29T10:22:58 IST" duration-ms="9562" status="PASS">
          <params>
            <param index="0">
              <value>
                <![CDATA[Store Stock]]>
              </value>
            </param>
            <param index="1">
              <value>
                <![CDATA[General]]>
              </value>
            </param>
            <param index="2">
              <value>
                <![CDATA[Max Stock]]>
              </value>
            </param>
            <param index="3">
              <value>
                <![CDATA[Material Wise]]>
              </value>
            </param>
          </params>
          <reporter-output>
          </reporter-output>
        </test-method> <!-- xpath -->
        <test-method signature="xpath(java.lang.String,java.lang.String,java.lang.String,java.lang.String)[pri:0, instance:stockSummary.Stock_summary_general@6d0b5baf]" started-at="2024-11-29T10:22:58 IST" name="xpath" data-provider="filterData" finished-at="2024-11-29T10:23:08 IST" duration-ms="10183" status="PASS">
          <params>
            <param index="0">
              <value>
                <![CDATA[Store Stock]]>
              </value>
            </param>
            <param index="1">
              <value>
                <![CDATA[General]]>
              </value>
            </param>
            <param index="2">
              <value>
                <![CDATA[Max Stock]]>
              </value>
            </param>
            <param index="3">
              <value>
                <![CDATA[HSN Wise ]]>
              </value>
            </param>
          </params>
          <reporter-output>
          </reporter-output>
        </test-method> <!-- xpath -->
        <test-method signature="xpath(java.lang.String,java.lang.String,java.lang.String,java.lang.String)[pri:0, instance:stockSummary.Stock_summary_general@6d0b5baf]" started-at="2024-11-29T10:23:08 IST" name="xpath" data-provider="filterData" finished-at="2024-11-29T10:23:18 IST" duration-ms="9959" status="PASS">
          <params>
            <param index="0">
              <value>
                <![CDATA[Store Stock]]>
              </value>
            </param>
            <param index="1">
              <value>
                <![CDATA[General]]>
              </value>
            </param>
            <param index="2">
              <value>
                <![CDATA[Zero Stock]]>
              </value>
            </param>
            <param index="3">
              <value>
                <![CDATA[Group Wise]]>
              </value>
            </param>
          </params>
          <reporter-output>
          </reporter-output>
        </test-method> <!-- xpath -->
        <test-method signature="xpath(java.lang.String,java.lang.String,java.lang.String,java.lang.String)[pri:0, instance:stockSummary.Stock_summary_general@6d0b5baf]" started-at="2024-11-29T10:23:18 IST" name="xpath" data-provider="filterData" finished-at="2024-11-29T10:23:27 IST" duration-ms="9359" status="PASS">
          <params>
            <param index="0">
              <value>
                <![CDATA[Store Stock]]>
              </value>
            </param>
            <param index="1">
              <value>
                <![CDATA[General]]>
              </value>
            </param>
            <param index="2">
              <value>
                <![CDATA[Zero Stock]]>
              </value>
            </param>
            <param index="3">
              <value>
                <![CDATA[Material Wise]]>
              </value>
            </param>
          </params>
          <reporter-output>
          </reporter-output>
        </test-method> <!-- xpath -->
        <test-method signature="xpath(java.lang.String,java.lang.String,java.lang.String,java.lang.String)[pri:0, instance:stockSummary.Stock_summary_general@6d0b5baf]" started-at="2024-11-29T10:23:27 IST" name="xpath" data-provider="filterData" finished-at="2024-11-29T10:23:37 IST" duration-ms="9290" status="PASS">
          <params>
            <param index="0">
              <value>
                <![CDATA[Store Stock]]>
              </value>
            </param>
            <param index="1">
              <value>
                <![CDATA[General]]>
              </value>
            </param>
            <param index="2">
              <value>
                <![CDATA[Zero Stock]]>
              </value>
            </param>
            <param index="3">
              <value>
                <![CDATA[HSN Wise ]]>
              </value>
            </param>
          </params>
          <reporter-output>
          </reporter-output>
        </test-method> <!-- xpath -->
        <test-method signature="xpath(java.lang.String,java.lang.String,java.lang.String,java.lang.String)[pri:0, instance:stockSummary.Stock_summary_general@6d0b5baf]" started-at="2024-11-29T10:23:37 IST" name="xpath" data-provider="filterData" finished-at="2024-11-29T10:23:46 IST" duration-ms="9507" status="PASS">
          <params>
            <param index="0">
              <value>
                <![CDATA[Store Stock]]>
              </value>
            </param>
            <param index="1">
              <value>
                <![CDATA[General]]>
              </value>
            </param>
            <param index="2">
              <value>
                <![CDATA[ROL Stock]]>
              </value>
            </param>
            <param index="3">
              <value>
                <![CDATA[Group Wise]]>
              </value>
            </param>
          </params>
          <reporter-output>
          </reporter-output>
        </test-method> <!-- xpath -->
        <test-method signature="xpath(java.lang.String,java.lang.String,java.lang.String,java.lang.String)[pri:0, instance:stockSummary.Stock_summary_general@6d0b5baf]" started-at="2024-11-29T10:23:46 IST" name="xpath" data-provider="filterData" finished-at="2024-11-29T10:23:55 IST" duration-ms="9332" status="PASS">
          <params>
            <param index="0">
              <value>
                <![CDATA[Store Stock]]>
              </value>
            </param>
            <param index="1">
              <value>
                <![CDATA[General]]>
              </value>
            </param>
            <param index="2">
              <value>
                <![CDATA[ROL Stock]]>
              </value>
            </param>
            <param index="3">
              <value>
                <![CDATA[Material Wise]]>
              </value>
            </param>
          </params>
          <reporter-output>
          </reporter-output>
        </test-method> <!-- xpath -->
        <test-method signature="xpath(java.lang.String,java.lang.String,java.lang.String,java.lang.String)[pri:0, instance:stockSummary.Stock_summary_general@6d0b5baf]" started-at="2024-11-29T10:23:55 IST" name="xpath" data-provider="filterData" finished-at="2024-11-29T10:24:05 IST" duration-ms="9098" status="PASS">
          <params>
            <param index="0">
              <value>
                <![CDATA[Store Stock]]>
              </value>
            </param>
            <param index="1">
              <value>
                <![CDATA[General]]>
              </value>
            </param>
            <param index="2">
              <value>
                <![CDATA[ROL Stock]]>
              </value>
            </param>
            <param index="3">
              <value>
                <![CDATA[HSN Wise ]]>
              </value>
            </param>
          </params>
          <reporter-output>
          </reporter-output>
        </test-method> <!-- xpath -->
        <test-method signature="xpath(java.lang.String,java.lang.String,java.lang.String,java.lang.String)[pri:0, instance:stockSummary.Stock_summary_general@6d0b5baf]" started-at="2024-11-29T10:24:05 IST" name="xpath" data-provider="filterData" finished-at="2024-11-29T10:24:14 IST" duration-ms="9626" status="PASS">
          <params>
            <param index="0">
              <value>
                <![CDATA[Store Stock]]>
              </value>
            </param>
            <param index="1">
              <value>
                <![CDATA[Labour]]>
              </value>
            </param>
            <param index="2">
              <value>
                <![CDATA[All]]>
              </value>
            </param>
            <param index="3">
              <value>
                <![CDATA[Group Wise]]>
              </value>
            </param>
          </params>
          <reporter-output>
          </reporter-output>
        </test-method> <!-- xpath -->
        <test-method signature="xpath(java.lang.String,java.lang.String,java.lang.String,java.lang.String)[pri:0, instance:stockSummary.Stock_summary_general@6d0b5baf]" started-at="2024-11-29T10:24:14 IST" name="xpath" data-provider="filterData" finished-at="2024-11-29T10:24:26 IST" duration-ms="11771" status="PASS">
          <params>
            <param index="0">
              <value>
                <![CDATA[Store Stock]]>
              </value>
            </param>
            <param index="1">
              <value>
                <![CDATA[Labour]]>
              </value>
            </param>
            <param index="2">
              <value>
                <![CDATA[All]]>
              </value>
            </param>
            <param index="3">
              <value>
                <![CDATA[Material Wise]]>
              </value>
            </param>
          </params>
          <reporter-output>
          </reporter-output>
        </test-method> <!-- xpath -->
        <test-method signature="xpath(java.lang.String,java.lang.String,java.lang.String,java.lang.String)[pri:0, instance:stockSummary.Stock_summary_general@6d0b5baf]" started-at="2024-11-29T10:24:26 IST" name="xpath" data-provider="filterData" finished-at="2024-11-29T10:24:36 IST" duration-ms="9546" status="PASS">
          <params>
            <param index="0">
              <value>
                <![CDATA[Store Stock]]>
              </value>
            </param>
            <param index="1">
              <value>
                <![CDATA[Labour]]>
              </value>
            </param>
            <param index="2">
              <value>
                <![CDATA[All]]>
              </value>
            </param>
            <param index="3">
              <value>
                <![CDATA[HSN Wise ]]>
              </value>
            </param>
          </params>
          <reporter-output>
          </reporter-output>
        </test-method> <!-- xpath -->
        <test-method signature="xpath(java.lang.String,java.lang.String,java.lang.String,java.lang.String)[pri:0, instance:stockSummary.Stock_summary_general@6d0b5baf]" started-at="2024-11-29T10:24:36 IST" name="xpath" data-provider="filterData" finished-at="2024-11-29T10:24:45 IST" duration-ms="9490" status="PASS">
          <params>
            <param index="0">
              <value>
                <![CDATA[Store Stock]]>
              </value>
            </param>
            <param index="1">
              <value>
                <![CDATA[Labour]]>
              </value>
            </param>
            <param index="2">
              <value>
                <![CDATA[Stock Only]]>
              </value>
            </param>
            <param index="3">
              <value>
                <![CDATA[Group Wise]]>
              </value>
            </param>
          </params>
          <reporter-output>
          </reporter-output>
        </test-method> <!-- xpath -->
        <test-method signature="xpath(java.lang.String,java.lang.String,java.lang.String,java.lang.String)[pri:0, instance:stockSummary.Stock_summary_general@6d0b5baf]" started-at="2024-11-29T10:24:45 IST" name="xpath" data-provider="filterData" finished-at="2024-11-29T10:24:55 IST" duration-ms="9685" status="PASS">
          <params>
            <param index="0">
              <value>
                <![CDATA[Store Stock]]>
              </value>
            </param>
            <param index="1">
              <value>
                <![CDATA[Labour]]>
              </value>
            </param>
            <param index="2">
              <value>
                <![CDATA[Stock Only]]>
              </value>
            </param>
            <param index="3">
              <value>
                <![CDATA[Order Wise]]>
              </value>
            </param>
          </params>
          <reporter-output>
          </reporter-output>
        </test-method> <!-- xpath -->
        <test-method signature="xpath(java.lang.String,java.lang.String,java.lang.String,java.lang.String)[pri:0, instance:stockSummary.Stock_summary_general@6d0b5baf]" started-at="2024-11-29T10:24:55 IST" name="xpath" data-provider="filterData" finished-at="2024-11-29T10:25:05 IST" duration-ms="9912" status="PASS">
          <params>
            <param index="0">
              <value>
                <![CDATA[Store Stock]]>
              </value>
            </param>
            <param index="1">
              <value>
                <![CDATA[Labour]]>
              </value>
            </param>
            <param index="2">
              <value>
                <![CDATA[Stock Only]]>
              </value>
            </param>
            <param index="3">
              <value>
                <![CDATA[HSN Wise ]]>
              </value>
            </param>
          </params>
          <reporter-output>
          </reporter-output>
        </test-method> <!-- xpath -->
        <test-method signature="xpath(java.lang.String,java.lang.String,java.lang.String,java.lang.String)[pri:0, instance:stockSummary.Stock_summary_general@6d0b5baf]" started-at="2024-11-29T10:25:05 IST" name="xpath" data-provider="filterData" finished-at="2024-11-29T10:25:16 IST" duration-ms="10885" status="PASS">
          <params>
            <param index="0">
              <value>
                <![CDATA[Store Stock]]>
              </value>
            </param>
            <param index="1">
              <value>
                <![CDATA[Labour]]>
              </value>
            </param>
            <param index="2">
              <value>
                <![CDATA[Stock Only]]>
              </value>
            </param>
            <param index="3">
              <value>
                <![CDATA[Customer Wise]]>
              </value>
            </param>
          </params>
          <reporter-output>
          </reporter-output>
        </test-method> <!-- xpath -->
        <test-method signature="xpath(java.lang.String,java.lang.String,java.lang.String,java.lang.String)[pri:0, instance:stockSummary.Stock_summary_general@6d0b5baf]" started-at="2024-11-29T10:25:16 IST" name="xpath" data-provider="filterData" finished-at="2024-11-29T10:25:28 IST" duration-ms="12079" status="PASS">
          <params>
            <param index="0">
              <value>
                <![CDATA[Store Stock]]>
              </value>
            </param>
            <param index="1">
              <value>
                <![CDATA[Labour]]>
              </value>
            </param>
            <param index="2">
              <value>
                <![CDATA[MIN Stock]]>
              </value>
            </param>
            <param index="3">
              <value>
                <![CDATA[Group Wise]]>
              </value>
            </param>
          </params>
          <reporter-output>
          </reporter-output>
        </test-method> <!-- xpath -->
        <test-method signature="xpath(java.lang.String,java.lang.String,java.lang.String,java.lang.String)[pri:0, instance:stockSummary.Stock_summary_general@6d0b5baf]" started-at="2024-11-29T10:25:28 IST" name="xpath" data-provider="filterData" finished-at="2024-11-29T10:25:38 IST" duration-ms="10328" status="PASS">
          <params>
            <param index="0">
              <value>
                <![CDATA[Store Stock]]>
              </value>
            </param>
            <param index="1">
              <value>
                <![CDATA[Labour]]>
              </value>
            </param>
            <param index="2">
              <value>
                <![CDATA[MIN Stock]]>
              </value>
            </param>
            <param index="3">
              <value>
                <![CDATA[Material Wise]]>
              </value>
            </param>
          </params>
          <reporter-output>
          </reporter-output>
        </test-method> <!-- xpath -->
        <test-method signature="xpath(java.lang.String,java.lang.String,java.lang.String,java.lang.String)[pri:0, instance:stockSummary.Stock_summary_general@6d0b5baf]" started-at="2024-11-29T10:25:38 IST" name="xpath" data-provider="filterData" finished-at="2024-11-29T10:25:47 IST" duration-ms="9381" status="PASS">
          <params>
            <param index="0">
              <value>
                <![CDATA[Store Stock]]>
              </value>
            </param>
            <param index="1">
              <value>
                <![CDATA[Labour]]>
              </value>
            </param>
            <param index="2">
              <value>
                <![CDATA[MIN Stock]]>
              </value>
            </param>
            <param index="3">
              <value>
                <![CDATA[HSN Wise ]]>
              </value>
            </param>
          </params>
          <reporter-output>
          </reporter-output>
        </test-method> <!-- xpath -->
        <test-method signature="xpath(java.lang.String,java.lang.String,java.lang.String,java.lang.String)[pri:0, instance:stockSummary.Stock_summary_general@6d0b5baf]" started-at="2024-11-29T10:25:47 IST" name="xpath" data-provider="filterData" finished-at="2024-11-29T10:25:57 IST" duration-ms="9449" status="PASS">
          <params>
            <param index="0">
              <value>
                <![CDATA[Store Stock]]>
              </value>
            </param>
            <param index="1">
              <value>
                <![CDATA[Labour]]>
              </value>
            </param>
            <param index="2">
              <value>
                <![CDATA[Max Stock]]>
              </value>
            </param>
            <param index="3">
              <value>
                <![CDATA[Group Wise]]>
              </value>
            </param>
          </params>
          <reporter-output>
          </reporter-output>
        </test-method> <!-- xpath -->
        <test-method signature="xpath(java.lang.String,java.lang.String,java.lang.String,java.lang.String)[pri:0, instance:stockSummary.Stock_summary_general@6d0b5baf]" started-at="2024-11-29T10:25:57 IST" name="xpath" data-provider="filterData" finished-at="2024-11-29T10:26:07 IST" duration-ms="10224" status="PASS">
          <params>
            <param index="0">
              <value>
                <![CDATA[Store Stock]]>
              </value>
            </param>
            <param index="1">
              <value>
                <![CDATA[Labour]]>
              </value>
            </param>
            <param index="2">
              <value>
                <![CDATA[Max Stock]]>
              </value>
            </param>
            <param index="3">
              <value>
                <![CDATA[Material Wise]]>
              </value>
            </param>
          </params>
          <reporter-output>
          </reporter-output>
        </test-method> <!-- xpath -->
        <test-method signature="xpath(java.lang.String,java.lang.String,java.lang.String,java.lang.String)[pri:0, instance:stockSummary.Stock_summary_general@6d0b5baf]" started-at="2024-11-29T10:26:07 IST" name="xpath" data-provider="filterData" finished-at="2024-11-29T10:26:19 IST" duration-ms="12481" status="PASS">
          <params>
            <param index="0">
              <value>
                <![CDATA[Store Stock]]>
              </value>
            </param>
            <param index="1">
              <value>
                <![CDATA[Labour]]>
              </value>
            </param>
            <param index="2">
              <value>
                <![CDATA[Max Stock]]>
              </value>
            </param>
            <param index="3">
              <value>
                <![CDATA[HSN Wise ]]>
              </value>
            </param>
          </params>
          <reporter-output>
          </reporter-output>
        </test-method> <!-- xpath -->
        <test-method signature="xpath(java.lang.String,java.lang.String,java.lang.String,java.lang.String)[pri:0, instance:stockSummary.Stock_summary_general@6d0b5baf]" started-at="2024-11-29T10:26:19 IST" name="xpath" data-provider="filterData" finished-at="2024-11-29T10:26:30 IST" duration-ms="10792" status="PASS">
          <params>
            <param index="0">
              <value>
                <![CDATA[Store Stock]]>
              </value>
            </param>
            <param index="1">
              <value>
                <![CDATA[Labour]]>
              </value>
            </param>
            <param index="2">
              <value>
                <![CDATA[Zero Stock]]>
              </value>
            </param>
            <param index="3">
              <value>
                <![CDATA[Group Wise]]>
              </value>
            </param>
          </params>
          <reporter-output>
          </reporter-output>
        </test-method> <!-- xpath -->
        <test-method signature="xpath(java.lang.String,java.lang.String,java.lang.String,java.lang.String)[pri:0, instance:stockSummary.Stock_summary_general@6d0b5baf]" started-at="2024-11-29T10:26:30 IST" name="xpath" data-provider="filterData" finished-at="2024-11-29T10:26:41 IST" duration-ms="10424" status="PASS">
          <params>
            <param index="0">
              <value>
                <![CDATA[Store Stock]]>
              </value>
            </param>
            <param index="1">
              <value>
                <![CDATA[Labour]]>
              </value>
            </param>
            <param index="2">
              <value>
                <![CDATA[Zero Stock]]>
              </value>
            </param>
            <param index="3">
              <value>
                <![CDATA[Material Wise]]>
              </value>
            </param>
          </params>
          <reporter-output>
          </reporter-output>
        </test-method> <!-- xpath -->
        <test-method signature="xpath(java.lang.String,java.lang.String,java.lang.String,java.lang.String)[pri:0, instance:stockSummary.Stock_summary_general@6d0b5baf]" started-at="2024-11-29T10:26:41 IST" name="xpath" data-provider="filterData" finished-at="2024-11-29T10:26:50 IST" duration-ms="9484" status="PASS">
          <params>
            <param index="0">
              <value>
                <![CDATA[Store Stock]]>
              </value>
            </param>
            <param index="1">
              <value>
                <![CDATA[Labour]]>
              </value>
            </param>
            <param index="2">
              <value>
                <![CDATA[Zero Stock]]>
              </value>
            </param>
            <param index="3">
              <value>
                <![CDATA[HSN Wise ]]>
              </value>
            </param>
          </params>
          <reporter-output>
          </reporter-output>
        </test-method> <!-- xpath -->
        <test-method signature="xpath(java.lang.String,java.lang.String,java.lang.String,java.lang.String)[pri:0, instance:stockSummary.Stock_summary_general@6d0b5baf]" started-at="2024-11-29T10:26:50 IST" name="xpath" data-provider="filterData" finished-at="2024-11-29T10:26:59 IST" duration-ms="9266" status="PASS">
          <params>
            <param index="0">
              <value>
                <![CDATA[Store Stock]]>
              </value>
            </param>
            <param index="1">
              <value>
                <![CDATA[Labour]]>
              </value>
            </param>
            <param index="2">
              <value>
                <![CDATA[ROL Stock]]>
              </value>
            </param>
            <param index="3">
              <value>
                <![CDATA[Group Wise]]>
              </value>
            </param>
          </params>
          <reporter-output>
          </reporter-output>
        </test-method> <!-- xpath -->
        <test-method signature="xpath(java.lang.String,java.lang.String,java.lang.String,java.lang.String)[pri:0, instance:stockSummary.Stock_summary_general@6d0b5baf]" started-at="2024-11-29T10:26:59 IST" name="xpath" data-provider="filterData" finished-at="2024-11-29T10:27:09 IST" duration-ms="9370" status="PASS">
          <params>
            <param index="0">
              <value>
                <![CDATA[Store Stock]]>
              </value>
            </param>
            <param index="1">
              <value>
                <![CDATA[Labour]]>
              </value>
            </param>
            <param index="2">
              <value>
                <![CDATA[ROL Stock]]>
              </value>
            </param>
            <param index="3">
              <value>
                <![CDATA[Order Wise]]>
              </value>
            </param>
          </params>
          <reporter-output>
          </reporter-output>
        </test-method> <!-- xpath -->
        <test-method signature="xpath(java.lang.String,java.lang.String,java.lang.String,java.lang.String)[pri:0, instance:stockSummary.Stock_summary_general@6d0b5baf]" started-at="2024-11-29T10:27:09 IST" name="xpath" data-provider="filterData" finished-at="2024-11-29T10:27:18 IST" duration-ms="9413" status="PASS">
          <params>
            <param index="0">
              <value>
                <![CDATA[Store Stock]]>
              </value>
            </param>
            <param index="1">
              <value>
                <![CDATA[Labour]]>
              </value>
            </param>
            <param index="2">
              <value>
                <![CDATA[ROL Stock]]>
              </value>
            </param>
            <param index="3">
              <value>
                <![CDATA[HSN Wise ]]>
              </value>
            </param>
          </params>
          <reporter-output>
          </reporter-output>
        </test-method> <!-- xpath -->
        <test-method signature="xpath(java.lang.String,java.lang.String,java.lang.String,java.lang.String)[pri:0, instance:stockSummary.Stock_summary_general@6d0b5baf]" started-at="2024-11-29T10:27:18 IST" name="xpath" data-provider="filterData" finished-at="2024-11-29T10:27:27 IST" duration-ms="9232" status="PASS">
          <params>
            <param index="0">
              <value>
                <![CDATA[Shoop Floor]]>
              </value>
            </param>
            <param index="1">
              <value>
                <![CDATA[General]]>
              </value>
            </param>
            <param index="2">
              <value>
                <![CDATA[All]]>
              </value>
            </param>
            <param index="3">
              <value>
                <![CDATA[Group Wise]]>
              </value>
            </param>
          </params>
          <reporter-output>
          </reporter-output>
        </test-method> <!-- xpath -->
        <test-method signature="xpath(java.lang.String,java.lang.String,java.lang.String,java.lang.String)[pri:0, instance:stockSummary.Stock_summary_general@6d0b5baf]" started-at="2024-11-29T10:27:27 IST" name="xpath" data-provider="filterData" finished-at="2024-11-29T10:27:38 IST" duration-ms="10816" status="PASS">
          <params>
            <param index="0">
              <value>
                <![CDATA[Shoop Floor]]>
              </value>
            </param>
            <param index="1">
              <value>
                <![CDATA[General]]>
              </value>
            </param>
            <param index="2">
              <value>
                <![CDATA[All]]>
              </value>
            </param>
            <param index="3">
              <value>
                <![CDATA[Material Wise]]>
              </value>
            </param>
          </params>
          <reporter-output>
          </reporter-output>
        </test-method> <!-- xpath -->
        <test-method signature="xpath(java.lang.String,java.lang.String,java.lang.String,java.lang.String)[pri:0, instance:stockSummary.Stock_summary_general@6d0b5baf]" started-at="2024-11-29T10:27:38 IST" name="xpath" data-provider="filterData" finished-at="2024-11-29T10:27:48 IST" duration-ms="9399" status="PASS">
          <params>
            <param index="0">
              <value>
                <![CDATA[Shoop Floor]]>
              </value>
            </param>
            <param index="1">
              <value>
                <![CDATA[General]]>
              </value>
            </param>
            <param index="2">
              <value>
                <![CDATA[All]]>
              </value>
            </param>
            <param index="3">
              <value>
                <![CDATA[HSN Wise ]]>
              </value>
            </param>
          </params>
          <reporter-output>
          </reporter-output>
        </test-method> <!-- xpath -->
        <test-method signature="xpath(java.lang.String,java.lang.String,java.lang.String,java.lang.String)[pri:0, instance:stockSummary.Stock_summary_general@6d0b5baf]" started-at="2024-11-29T10:27:48 IST" name="xpath" data-provider="filterData" finished-at="2024-11-29T10:27:58 IST" duration-ms="10420" status="PASS">
          <params>
            <param index="0">
              <value>
                <![CDATA[Shoop Floor]]>
              </value>
            </param>
            <param index="1">
              <value>
                <![CDATA[General]]>
              </value>
            </param>
            <param index="2">
              <value>
                <![CDATA[Stock Only]]>
              </value>
            </param>
            <param index="3">
              <value>
                <![CDATA[Group Wise]]>
              </value>
            </param>
          </params>
          <reporter-output>
          </reporter-output>
        </test-method> <!-- xpath -->
        <test-method signature="xpath(java.lang.String,java.lang.String,java.lang.String,java.lang.String)[pri:0, instance:stockSummary.Stock_summary_general@6d0b5baf]" started-at="2024-11-29T10:27:58 IST" name="xpath" data-provider="filterData" finished-at="2024-11-29T10:28:09 IST" duration-ms="10902" status="PASS">
          <params>
            <param index="0">
              <value>
                <![CDATA[Shoop Floor]]>
              </value>
            </param>
            <param index="1">
              <value>
                <![CDATA[General]]>
              </value>
            </param>
            <param index="2">
              <value>
                <![CDATA[Stock Only]]>
              </value>
            </param>
            <param index="3">
              <value>
                <![CDATA[Material Wise]]>
              </value>
            </param>
          </params>
          <reporter-output>
          </reporter-output>
        </test-method> <!-- xpath -->
        <test-method signature="xpath(java.lang.String,java.lang.String,java.lang.String,java.lang.String)[pri:0, instance:stockSummary.Stock_summary_general@6d0b5baf]" started-at="2024-11-29T10:28:09 IST" name="xpath" data-provider="filterData" finished-at="2024-11-29T10:28:19 IST" duration-ms="10152" status="PASS">
          <params>
            <param index="0">
              <value>
                <![CDATA[Shoop Floor]]>
              </value>
            </param>
            <param index="1">
              <value>
                <![CDATA[General]]>
              </value>
            </param>
            <param index="2">
              <value>
                <![CDATA[Stock Only]]>
              </value>
            </param>
            <param index="3">
              <value>
                <![CDATA[HSN Wise ]]>
              </value>
            </param>
          </params>
          <reporter-output>
          </reporter-output>
        </test-method> <!-- xpath -->
        <test-method signature="xpath(java.lang.String,java.lang.String,java.lang.String,java.lang.String)[pri:0, instance:stockSummary.Stock_summary_general@6d0b5baf]" started-at="2024-11-29T10:28:19 IST" name="xpath" data-provider="filterData" finished-at="2024-11-29T10:28:29 IST" duration-ms="10064" status="PASS">
          <params>
            <param index="0">
              <value>
                <![CDATA[Shoop Floor]]>
              </value>
            </param>
            <param index="1">
              <value>
                <![CDATA[Labour]]>
              </value>
            </param>
            <param index="2">
              <value>
                <![CDATA[All]]>
              </value>
            </param>
            <param index="3">
              <value>
                <![CDATA[Group Wise]]>
              </value>
            </param>
          </params>
          <reporter-output>
          </reporter-output>
        </test-method> <!-- xpath -->
        <test-method signature="xpath(java.lang.String,java.lang.String,java.lang.String,java.lang.String)[pri:0, instance:stockSummary.Stock_summary_general@6d0b5baf]" started-at="2024-11-29T10:28:29 IST" name="xpath" data-provider="filterData" finished-at="2024-11-29T10:28:39 IST" duration-ms="9676" status="PASS">
          <params>
            <param index="0">
              <value>
                <![CDATA[Shoop Floor]]>
              </value>
            </param>
            <param index="1">
              <value>
                <![CDATA[Labour]]>
              </value>
            </param>
            <param index="2">
              <value>
                <![CDATA[All]]>
              </value>
            </param>
            <param index="3">
              <value>
                <![CDATA[Material Wise]]>
              </value>
            </param>
          </params>
          <reporter-output>
          </reporter-output>
        </test-method> <!-- xpath -->
        <test-method signature="xpath(java.lang.String,java.lang.String,java.lang.String,java.lang.String)[pri:0, instance:stockSummary.Stock_summary_general@6d0b5baf]" started-at="2024-11-29T10:28:39 IST" name="xpath" data-provider="filterData" finished-at="2024-11-29T10:28:49 IST" duration-ms="9597" status="PASS">
          <params>
            <param index="0">
              <value>
                <![CDATA[Shoop Floor]]>
              </value>
            </param>
            <param index="1">
              <value>
                <![CDATA[Labour]]>
              </value>
            </param>
            <param index="2">
              <value>
                <![CDATA[All]]>
              </value>
            </param>
            <param index="3">
              <value>
                <![CDATA[HSN Wise ]]>
              </value>
            </param>
          </params>
          <reporter-output>
          </reporter-output>
        </test-method> <!-- xpath -->
        <test-method signature="xpath(java.lang.String,java.lang.String,java.lang.String,java.lang.String)[pri:0, instance:stockSummary.Stock_summary_general@6d0b5baf]" started-at="2024-11-29T10:28:49 IST" name="xpath" data-provider="filterData" finished-at="2024-11-29T10:28:58 IST" duration-ms="9549" status="PASS">
          <params>
            <param index="0">
              <value>
                <![CDATA[Shoop Floor]]>
              </value>
            </param>
            <param index="1">
              <value>
                <![CDATA[Labour]]>
              </value>
            </param>
            <param index="2">
              <value>
                <![CDATA[Stock Only]]>
              </value>
            </param>
            <param index="3">
              <value>
                <![CDATA[Group Wise]]>
              </value>
            </param>
          </params>
          <reporter-output>
          </reporter-output>
        </test-method> <!-- xpath -->
        <test-method signature="xpath(java.lang.String,java.lang.String,java.lang.String,java.lang.String)[pri:0, instance:stockSummary.Stock_summary_general@6d0b5baf]" started-at="2024-11-29T10:28:58 IST" name="xpath" data-provider="filterData" finished-at="2024-11-29T10:29:08 IST" duration-ms="10306" status="PASS">
          <params>
            <param index="0">
              <value>
                <![CDATA[Shoop Floor]]>
              </value>
            </param>
            <param index="1">
              <value>
                <![CDATA[Labour]]>
              </value>
            </param>
            <param index="2">
              <value>
                <![CDATA[Stock Only]]>
              </value>
            </param>
            <param index="3">
              <value>
                <![CDATA[Order Wise]]>
              </value>
            </param>
          </params>
          <reporter-output>
          </reporter-output>
        </test-method> <!-- xpath -->
        <test-method signature="xpath(java.lang.String,java.lang.String,java.lang.String,java.lang.String)[pri:0, instance:stockSummary.Stock_summary_general@6d0b5baf]" started-at="2024-11-29T10:29:08 IST" name="xpath" data-provider="filterData" finished-at="2024-11-29T10:29:19 IST" duration-ms="10473" status="PASS">
          <params>
            <param index="0">
              <value>
                <![CDATA[Shoop Floor]]>
              </value>
            </param>
            <param index="1">
              <value>
                <![CDATA[Labour]]>
              </value>
            </param>
            <param index="2">
              <value>
                <![CDATA[Stock Only]]>
              </value>
            </param>
            <param index="3">
              <value>
                <![CDATA[HSN Wise ]]>
              </value>
            </param>
          </params>
          <reporter-output>
          </reporter-output>
        </test-method> <!-- xpath -->
        <test-method signature="xpath(java.lang.String,java.lang.String,java.lang.String,java.lang.String)[pri:0, instance:stockSummary.Stock_summary_general@6d0b5baf]" started-at="2024-11-29T10:29:19 IST" name="xpath" data-provider="filterData" finished-at="2024-11-29T10:29:29 IST" duration-ms="9985" status="PASS">
          <params>
            <param index="0">
              <value>
                <![CDATA[Shoop Floor-Routesheet]]>
              </value>
            </param>
            <param index="1">
              <value>
                <![CDATA[General]]>
              </value>
            </param>
            <param index="2">
              <value>
                <![CDATA[All]]>
              </value>
            </param>
            <param index="3">
              <value>
                <![CDATA[Group Wise]]>
              </value>
            </param>
          </params>
          <reporter-output>
          </reporter-output>
        </test-method> <!-- xpath -->
        <test-method signature="xpath(java.lang.String,java.lang.String,java.lang.String,java.lang.String)[pri:0, instance:stockSummary.Stock_summary_general@6d0b5baf]" started-at="2024-11-29T10:29:29 IST" name="xpath" data-provider="filterData" finished-at="2024-11-29T10:29:39 IST" duration-ms="10290" status="PASS">
          <params>
            <param index="0">
              <value>
                <![CDATA[Shoop Floor-Routesheet]]>
              </value>
            </param>
            <param index="1">
              <value>
                <![CDATA[General]]>
              </value>
            </param>
            <param index="2">
              <value>
                <![CDATA[All]]>
              </value>
            </param>
            <param index="3">
              <value>
                <![CDATA[Material Wise]]>
              </value>
            </param>
          </params>
          <reporter-output>
          </reporter-output>
        </test-method> <!-- xpath -->
        <test-method signature="xpath(java.lang.String,java.lang.String,java.lang.String,java.lang.String)[pri:0, instance:stockSummary.Stock_summary_general@6d0b5baf]" started-at="2024-11-29T10:29:39 IST" name="xpath" data-provider="filterData" finished-at="2024-11-29T10:29:53 IST" duration-ms="14129" status="PASS">
          <params>
            <param index="0">
              <value>
                <![CDATA[Shoop Floor-Routesheet]]>
              </value>
            </param>
            <param index="1">
              <value>
                <![CDATA[General]]>
              </value>
            </param>
            <param index="2">
              <value>
                <![CDATA[All]]>
              </value>
            </param>
            <param index="3">
              <value>
                <![CDATA[HSN Wise ]]>
              </value>
            </param>
          </params>
          <reporter-output>
          </reporter-output>
        </test-method> <!-- xpath -->
        <test-method signature="xpath(java.lang.String,java.lang.String,java.lang.String,java.lang.String)[pri:0, instance:stockSummary.Stock_summary_general@6d0b5baf]" started-at="2024-11-29T10:29:53 IST" name="xpath" data-provider="filterData" finished-at="2024-11-29T10:30:03 IST" duration-ms="9956" status="PASS">
          <params>
            <param index="0">
              <value>
                <![CDATA[Shoop Floor-Routesheet]]>
              </value>
            </param>
            <param index="1">
              <value>
                <![CDATA[General]]>
              </value>
            </param>
            <param index="2">
              <value>
                <![CDATA[Stock Only]]>
              </value>
            </param>
            <param index="3">
              <value>
                <![CDATA[Group Wise]]>
              </value>
            </param>
          </params>
          <reporter-output>
          </reporter-output>
        </test-method> <!-- xpath -->
        <test-method signature="xpath(java.lang.String,java.lang.String,java.lang.String,java.lang.String)[pri:0, instance:stockSummary.Stock_summary_general@6d0b5baf]" started-at="2024-11-29T10:30:03 IST" name="xpath" data-provider="filterData" finished-at="2024-11-29T10:30:13 IST" duration-ms="10137" status="PASS">
          <params>
            <param index="0">
              <value>
                <![CDATA[Shoop Floor-Routesheet]]>
              </value>
            </param>
            <param index="1">
              <value>
                <![CDATA[General]]>
              </value>
            </param>
            <param index="2">
              <value>
                <![CDATA[Stock Only]]>
              </value>
            </param>
            <param index="3">
              <value>
                <![CDATA[Material Wise]]>
              </value>
            </param>
          </params>
          <reporter-output>
          </reporter-output>
        </test-method> <!-- xpath -->
        <test-method signature="xpath(java.lang.String,java.lang.String,java.lang.String,java.lang.String)[pri:0, instance:stockSummary.Stock_summary_general@6d0b5baf]" started-at="2024-11-29T10:30:13 IST" name="xpath" data-provider="filterData" finished-at="2024-11-29T10:30:23 IST" duration-ms="9940" status="PASS">
          <params>
            <param index="0">
              <value>
                <![CDATA[Shoop Floor-Routesheet]]>
              </value>
            </param>
            <param index="1">
              <value>
                <![CDATA[General]]>
              </value>
            </param>
            <param index="2">
              <value>
                <![CDATA[Stock Only]]>
              </value>
            </param>
            <param index="3">
              <value>
                <![CDATA[HSN Wise ]]>
              </value>
            </param>
          </params>
          <reporter-output>
          </reporter-output>
        </test-method> <!-- xpath -->
        <test-method signature="xpath(java.lang.String,java.lang.String,java.lang.String,java.lang.String)[pri:0, instance:stockSummary.Stock_summary_general@6d0b5baf]" started-at="2024-11-29T10:30:23 IST" name="xpath" data-provider="filterData" finished-at="2024-11-29T10:30:33 IST" duration-ms="9885" status="PASS">
          <params>
            <param index="0">
              <value>
                <![CDATA[Shoop Floor-Routesheet]]>
              </value>
            </param>
            <param index="1">
              <value>
                <![CDATA[Labour]]>
              </value>
            </param>
            <param index="2">
              <value>
                <![CDATA[All]]>
              </value>
            </param>
            <param index="3">
              <value>
                <![CDATA[Group Wise]]>
              </value>
            </param>
          </params>
          <reporter-output>
          </reporter-output>
        </test-method> <!-- xpath -->
        <test-method signature="xpath(java.lang.String,java.lang.String,java.lang.String,java.lang.String)[pri:0, instance:stockSummary.Stock_summary_general@6d0b5baf]" started-at="2024-11-29T10:30:33 IST" name="xpath" data-provider="filterData" finished-at="2024-11-29T10:30:43 IST" duration-ms="10058" status="PASS">
          <params>
            <param index="0">
              <value>
                <![CDATA[Shoop Floor-Routesheet]]>
              </value>
            </param>
            <param index="1">
              <value>
                <![CDATA[Labour]]>
              </value>
            </param>
            <param index="2">
              <value>
                <![CDATA[All]]>
              </value>
            </param>
            <param index="3">
              <value>
                <![CDATA[Material Wise]]>
              </value>
            </param>
          </params>
          <reporter-output>
          </reporter-output>
        </test-method> <!-- xpath -->
        <test-method signature="xpath(java.lang.String,java.lang.String,java.lang.String,java.lang.String)[pri:0, instance:stockSummary.Stock_summary_general@6d0b5baf]" started-at="2024-11-29T10:30:43 IST" name="xpath" data-provider="filterData" finished-at="2024-11-29T10:30:53 IST" duration-ms="9923" status="PASS">
          <params>
            <param index="0">
              <value>
                <![CDATA[Shoop Floor-Routesheet]]>
              </value>
            </param>
            <param index="1">
              <value>
                <![CDATA[Labour]]>
              </value>
            </param>
            <param index="2">
              <value>
                <![CDATA[All]]>
              </value>
            </param>
            <param index="3">
              <value>
                <![CDATA[HSN Wise ]]>
              </value>
            </param>
          </params>
          <reporter-output>
          </reporter-output>
        </test-method> <!-- xpath -->
        <test-method signature="xpath(java.lang.String,java.lang.String,java.lang.String,java.lang.String)[pri:0, instance:stockSummary.Stock_summary_general@6d0b5baf]" started-at="2024-11-29T10:30:53 IST" name="xpath" data-provider="filterData" finished-at="2024-11-29T10:31:03 IST" duration-ms="9977" status="PASS">
          <params>
            <param index="0">
              <value>
                <![CDATA[Shoop Floor-Routesheet]]>
              </value>
            </param>
            <param index="1">
              <value>
                <![CDATA[Labour]]>
              </value>
            </param>
            <param index="2">
              <value>
                <![CDATA[Stock Only]]>
              </value>
            </param>
            <param index="3">
              <value>
                <![CDATA[Group Wise]]>
              </value>
            </param>
          </params>
          <reporter-output>
          </reporter-output>
        </test-method> <!-- xpath -->
        <test-method signature="xpath(java.lang.String,java.lang.String,java.lang.String,java.lang.String)[pri:0, instance:stockSummary.Stock_summary_general@6d0b5baf]" started-at="2024-11-29T10:31:03 IST" name="xpath" data-provider="filterData" finished-at="2024-11-29T10:31:13 IST" duration-ms="10006" status="PASS">
          <params>
            <param index="0">
              <value>
                <![CDATA[Shoop Floor-Routesheet]]>
              </value>
            </param>
            <param index="1">
              <value>
                <![CDATA[Labour]]>
              </value>
            </param>
            <param index="2">
              <value>
                <![CDATA[Stock Only]]>
              </value>
            </param>
            <param index="3">
              <value>
                <![CDATA[Material Wise]]>
              </value>
            </param>
          </params>
          <reporter-output>
          </reporter-output>
        </test-method> <!-- xpath -->
        <test-method signature="xpath(java.lang.String,java.lang.String,java.lang.String,java.lang.String)[pri:0, instance:stockSummary.Stock_summary_general@6d0b5baf]" started-at="2024-11-29T10:31:13 IST" name="xpath" data-provider="filterData" finished-at="2024-11-29T10:31:23 IST" duration-ms="10004" status="PASS">
          <params>
            <param index="0">
              <value>
                <![CDATA[Shoop Floor-Routesheet]]>
              </value>
            </param>
            <param index="1">
              <value>
                <![CDATA[Labour]]>
              </value>
            </param>
            <param index="2">
              <value>
                <![CDATA[Stock Only]]>
              </value>
            </param>
            <param index="3">
              <value>
                <![CDATA[HSN Wise ]]>
              </value>
            </param>
          </params>
          <reporter-output>
          </reporter-output>
        </test-method> <!-- xpath -->
        <test-method signature="xpath(java.lang.String,java.lang.String,java.lang.String,java.lang.String)[pri:0, instance:stockSummary.Stock_summary_general@6d0b5baf]" started-at="2024-11-29T10:31:23 IST" name="xpath" data-provider="filterData" finished-at="2024-11-29T10:31:33 IST" duration-ms="9814" status="PASS">
          <params>
            <param index="0">
              <value>
                <![CDATA[Supplier Summary]]>
              </value>
            </param>
            <param index="1">
              <value>
                <![CDATA[General]]>
              </value>
            </param>
            <param index="2">
              <value>
                <![CDATA[All]]>
              </value>
            </param>
            <param index="3">
              <value>
                <![CDATA[Group Wise]]>
              </value>
            </param>
          </params>
          <reporter-output>
          </reporter-output>
        </test-method> <!-- xpath -->
        <test-method signature="xpath(java.lang.String,java.lang.String,java.lang.String,java.lang.String)[pri:0, instance:stockSummary.Stock_summary_general@6d0b5baf]" started-at="2024-11-29T10:31:33 IST" name="xpath" data-provider="filterData" finished-at="2024-11-29T10:31:43 IST" duration-ms="10060" status="PASS">
          <params>
            <param index="0">
              <value>
                <![CDATA[Supplier Summary]]>
              </value>
            </param>
            <param index="1">
              <value>
                <![CDATA[General]]>
              </value>
            </param>
            <param index="2">
              <value>
                <![CDATA[All]]>
              </value>
            </param>
            <param index="3">
              <value>
                <![CDATA[Material Wise]]>
              </value>
            </param>
          </params>
          <reporter-output>
          </reporter-output>
        </test-method> <!-- xpath -->
        <test-method signature="xpath(java.lang.String,java.lang.String,java.lang.String,java.lang.String)[pri:0, instance:stockSummary.Stock_summary_general@6d0b5baf]" started-at="2024-11-29T10:31:43 IST" name="xpath" data-provider="filterData" finished-at="2024-11-29T10:31:53 IST" duration-ms="10011" status="PASS">
          <params>
            <param index="0">
              <value>
                <![CDATA[Supplier Summary]]>
              </value>
            </param>
            <param index="1">
              <value>
                <![CDATA[General]]>
              </value>
            </param>
            <param index="2">
              <value>
                <![CDATA[All]]>
              </value>
            </param>
            <param index="3">
              <value>
                <![CDATA[HSN Wise ]]>
              </value>
            </param>
          </params>
          <reporter-output>
          </reporter-output>
        </test-method> <!-- xpath -->
        <test-method signature="xpath(java.lang.String,java.lang.String,java.lang.String,java.lang.String)[pri:0, instance:stockSummary.Stock_summary_general@6d0b5baf]" started-at="2024-11-29T10:31:53 IST" name="xpath" data-provider="filterData" finished-at="2024-11-29T10:32:03 IST" duration-ms="10076" status="PASS">
          <params>
            <param index="0">
              <value>
                <![CDATA[Supplier Summary]]>
              </value>
            </param>
            <param index="1">
              <value>
                <![CDATA[General]]>
              </value>
            </param>
            <param index="2">
              <value>
                <![CDATA[Stock Only]]>
              </value>
            </param>
            <param index="3">
              <value>
                <![CDATA[Group Wise]]>
              </value>
            </param>
          </params>
          <reporter-output>
          </reporter-output>
        </test-method> <!-- xpath -->
        <test-method signature="xpath(java.lang.String,java.lang.String,java.lang.String,java.lang.String)[pri:0, instance:stockSummary.Stock_summary_general@6d0b5baf]" started-at="2024-11-29T10:32:03 IST" name="xpath" data-provider="filterData" finished-at="2024-11-29T10:32:13 IST" duration-ms="10027" status="PASS">
          <params>
            <param index="0">
              <value>
                <![CDATA[Supplier Summary]]>
              </value>
            </param>
            <param index="1">
              <value>
                <![CDATA[General]]>
              </value>
            </param>
            <param index="2">
              <value>
                <![CDATA[Stock Only]]>
              </value>
            </param>
            <param index="3">
              <value>
                <![CDATA[Material Wise]]>
              </value>
            </param>
          </params>
          <reporter-output>
          </reporter-output>
        </test-method> <!-- xpath -->
        <test-method signature="xpath(java.lang.String,java.lang.String,java.lang.String,java.lang.String)[pri:0, instance:stockSummary.Stock_summary_general@6d0b5baf]" started-at="2024-11-29T10:32:13 IST" name="xpath" data-provider="filterData" finished-at="2024-11-29T10:32:23 IST" duration-ms="10134" status="PASS">
          <params>
            <param index="0">
              <value>
                <![CDATA[Supplier Summary]]>
              </value>
            </param>
            <param index="1">
              <value>
                <![CDATA[General]]>
              </value>
            </param>
            <param index="2">
              <value>
                <![CDATA[Stock Only]]>
              </value>
            </param>
            <param index="3">
              <value>
                <![CDATA[HSN Wise ]]>
              </value>
            </param>
          </params>
          <reporter-output>
          </reporter-output>
        </test-method> <!-- xpath -->
        <test-method signature="xpath(java.lang.String,java.lang.String,java.lang.String,java.lang.String)[pri:0, instance:stockSummary.Stock_summary_general@6d0b5baf]" started-at="2024-11-29T10:32:23 IST" name="xpath" data-provider="filterData" finished-at="2024-11-29T10:32:33 IST" duration-ms="9980" status="PASS">
          <params>
            <param index="0">
              <value>
                <![CDATA[Supplier Summary]]>
              </value>
            </param>
            <param index="1">
              <value>
                <![CDATA[General]]>
              </value>
            </param>
            <param index="2">
              <value>
                <![CDATA[Zero Stock]]>
              </value>
            </param>
            <param index="3">
              <value>
                <![CDATA[Group Wise]]>
              </value>
            </param>
          </params>
          <reporter-output>
          </reporter-output>
        </test-method> <!-- xpath -->
        <test-method signature="xpath(java.lang.String,java.lang.String,java.lang.String,java.lang.String)[pri:0, instance:stockSummary.Stock_summary_general@6d0b5baf]" started-at="2024-11-29T10:32:33 IST" name="xpath" data-provider="filterData" finished-at="2024-11-29T10:32:43 IST" duration-ms="10133" status="PASS">
          <params>
            <param index="0">
              <value>
                <![CDATA[Supplier Summary]]>
              </value>
            </param>
            <param index="1">
              <value>
                <![CDATA[General]]>
              </value>
            </param>
            <param index="2">
              <value>
                <![CDATA[Zero Stock]]>
              </value>
            </param>
            <param index="3">
              <value>
                <![CDATA[Material Wise]]>
              </value>
            </param>
          </params>
          <reporter-output>
          </reporter-output>
        </test-method> <!-- xpath -->
        <test-method signature="xpath(java.lang.String,java.lang.String,java.lang.String,java.lang.String)[pri:0, instance:stockSummary.Stock_summary_general@6d0b5baf]" started-at="2024-11-29T10:32:43 IST" name="xpath" data-provider="filterData" finished-at="2024-11-29T10:32:53 IST" duration-ms="9787" status="PASS">
          <params>
            <param index="0">
              <value>
                <![CDATA[Supplier Summary]]>
              </value>
            </param>
            <param index="1">
              <value>
                <![CDATA[General]]>
              </value>
            </param>
            <param index="2">
              <value>
                <![CDATA[Zero Stock]]>
              </value>
            </param>
            <param index="3">
              <value>
                <![CDATA[HSN Wise ]]>
              </value>
            </param>
          </params>
          <reporter-output>
          </reporter-output>
        </test-method> <!-- xpath -->
        <test-method signature="xpath(java.lang.String,java.lang.String,java.lang.String,java.lang.String)[pri:0, instance:stockSummary.Stock_summary_general@6d0b5baf]" started-at="2024-11-29T10:32:53 IST" name="xpath" data-provider="filterData" finished-at="2024-11-29T10:33:03 IST" duration-ms="9714" status="PASS">
          <params>
            <param index="0">
              <value>
                <![CDATA[Supplier Summary]]>
              </value>
            </param>
            <param index="1">
              <value>
                <![CDATA[Labour]]>
              </value>
            </param>
            <param index="2">
              <value>
                <![CDATA[All]]>
              </value>
            </param>
            <param index="3">
              <value>
                <![CDATA[Group Wise]]>
              </value>
            </param>
          </params>
          <reporter-output>
          </reporter-output>
        </test-method> <!-- xpath -->
        <test-method signature="xpath(java.lang.String,java.lang.String,java.lang.String,java.lang.String)[pri:0, instance:stockSummary.Stock_summary_general@6d0b5baf]" started-at="2024-11-29T10:33:03 IST" name="xpath" data-provider="filterData" finished-at="2024-11-29T10:33:13 IST" duration-ms="9648" status="PASS">
          <params>
            <param index="0">
              <value>
                <![CDATA[Supplier Summary]]>
              </value>
            </param>
            <param index="1">
              <value>
                <![CDATA[Labour]]>
              </value>
            </param>
            <param index="2">
              <value>
                <![CDATA[All]]>
              </value>
            </param>
            <param index="3">
              <value>
                <![CDATA[Material Wise]]>
              </value>
            </param>
          </params>
          <reporter-output>
          </reporter-output>
        </test-method> <!-- xpath -->
        <test-method signature="xpath(java.lang.String,java.lang.String,java.lang.String,java.lang.String)[pri:0, instance:stockSummary.Stock_summary_general@6d0b5baf]" started-at="2024-11-29T10:33:13 IST" name="xpath" data-provider="filterData" finished-at="2024-11-29T10:33:22 IST" duration-ms="9634" status="PASS">
          <params>
            <param index="0">
              <value>
                <![CDATA[Supplier Summary]]>
              </value>
            </param>
            <param index="1">
              <value>
                <![CDATA[Labour]]>
              </value>
            </param>
            <param index="2">
              <value>
                <![CDATA[All]]>
              </value>
            </param>
            <param index="3">
              <value>
                <![CDATA[HSN Wise ]]>
              </value>
            </param>
          </params>
          <reporter-output>
          </reporter-output>
        </test-method> <!-- xpath -->
        <test-method signature="xpath(java.lang.String,java.lang.String,java.lang.String,java.lang.String)[pri:0, instance:stockSummary.Stock_summary_general@6d0b5baf]" started-at="2024-11-29T10:33:22 IST" name="xpath" data-provider="filterData" finished-at="2024-11-29T10:33:32 IST" duration-ms="9880" status="PASS">
          <params>
            <param index="0">
              <value>
                <![CDATA[Supplier Summary]]>
              </value>
            </param>
            <param index="1">
              <value>
                <![CDATA[Labour]]>
              </value>
            </param>
            <param index="2">
              <value>
                <![CDATA[Stock Only]]>
              </value>
            </param>
            <param index="3">
              <value>
                <![CDATA[Group Wise]]>
              </value>
            </param>
          </params>
          <reporter-output>
          </reporter-output>
        </test-method> <!-- xpath -->
        <test-method signature="xpath(java.lang.String,java.lang.String,java.lang.String,java.lang.String)[pri:0, instance:stockSummary.Stock_summary_general@6d0b5baf]" started-at="2024-11-29T10:33:32 IST" name="xpath" data-provider="filterData" finished-at="2024-11-29T10:33:42 IST" duration-ms="10330" status="PASS">
          <params>
            <param index="0">
              <value>
                <![CDATA[Supplier Summary]]>
              </value>
            </param>
            <param index="1">
              <value>
                <![CDATA[Labour]]>
              </value>
            </param>
            <param index="2">
              <value>
                <![CDATA[Stock Only]]>
              </value>
            </param>
            <param index="3">
              <value>
                <![CDATA[Material Wise]]>
              </value>
            </param>
          </params>
          <reporter-output>
          </reporter-output>
        </test-method> <!-- xpath -->
        <test-method signature="xpath(java.lang.String,java.lang.String,java.lang.String,java.lang.String)[pri:0, instance:stockSummary.Stock_summary_general@6d0b5baf]" started-at="2024-11-29T10:33:42 IST" name="xpath" data-provider="filterData" finished-at="2024-11-29T10:33:52 IST" duration-ms="9316" status="PASS">
          <params>
            <param index="0">
              <value>
                <![CDATA[Supplier Summary]]>
              </value>
            </param>
            <param index="1">
              <value>
                <![CDATA[Labour]]>
              </value>
            </param>
            <param index="2">
              <value>
                <![CDATA[Stock Only]]>
              </value>
            </param>
            <param index="3">
              <value>
                <![CDATA[HSN Wise ]]>
              </value>
            </param>
          </params>
          <reporter-output>
          </reporter-output>
        </test-method> <!-- xpath -->
        <test-method signature="xpath(java.lang.String,java.lang.String,java.lang.String,java.lang.String)[pri:0, instance:stockSummary.Stock_summary_general@6d0b5baf]" started-at="2024-11-29T10:33:52 IST" name="xpath" data-provider="filterData" finished-at="2024-11-29T10:34:02 IST" duration-ms="10120" status="PASS">
          <params>
            <param index="0">
              <value>
                <![CDATA[Supplier Summary]]>
              </value>
            </param>
            <param index="1">
              <value>
                <![CDATA[Labour]]>
              </value>
            </param>
            <param index="2">
              <value>
                <![CDATA[Zero Stock]]>
              </value>
            </param>
            <param index="3">
              <value>
                <![CDATA[Group Wise]]>
              </value>
            </param>
          </params>
          <reporter-output>
          </reporter-output>
        </test-method> <!-- xpath -->
        <test-method signature="xpath(java.lang.String,java.lang.String,java.lang.String,java.lang.String)[pri:0, instance:stockSummary.Stock_summary_general@6d0b5baf]" started-at="2024-11-29T10:34:02 IST" name="xpath" data-provider="filterData" finished-at="2024-11-29T10:34:12 IST" duration-ms="9955" status="PASS">
          <params>
            <param index="0">
              <value>
                <![CDATA[Supplier Summary]]>
              </value>
            </param>
            <param index="1">
              <value>
                <![CDATA[Labour]]>
              </value>
            </param>
            <param index="2">
              <value>
                <![CDATA[Zero Stock]]>
              </value>
            </param>
            <param index="3">
              <value>
                <![CDATA[Material Wise]]>
              </value>
            </param>
          </params>
          <reporter-output>
          </reporter-output>
        </test-method> <!-- xpath -->
        <test-method signature="xpath(java.lang.String,java.lang.String,java.lang.String,java.lang.String)[pri:0, instance:stockSummary.Stock_summary_general@6d0b5baf]" started-at="2024-11-29T10:34:12 IST" name="xpath" data-provider="filterData" finished-at="2024-11-29T10:34:21 IST" duration-ms="9318" status="PASS">
          <params>
            <param index="0">
              <value>
                <![CDATA[Supplier Summary]]>
              </value>
            </param>
            <param index="1">
              <value>
                <![CDATA[Labour]]>
              </value>
            </param>
            <param index="2">
              <value>
                <![CDATA[Zero Stock]]>
              </value>
            </param>
            <param index="3">
              <value>
                <![CDATA[HSN Wise ]]>
              </value>
            </param>
          </params>
          <reporter-output>
          </reporter-output>
        </test-method> <!-- xpath -->
        <test-method signature="xpath(java.lang.String,java.lang.String,java.lang.String,java.lang.String)[pri:0, instance:stockSummary.Stock_summary_general@6d0b5baf]" started-at="2024-11-29T10:34:21 IST" name="xpath" data-provider="filterData" finished-at="2024-11-29T10:34:30 IST" duration-ms="9195" status="PASS">
          <params>
            <param index="0">
              <value>
                <![CDATA[Supplier Bulk]]>
              </value>
            </param>
            <param index="1">
              <value>
                <![CDATA[General]]>
              </value>
            </param>
            <param index="2">
              <value>
                <![CDATA[All]]>
              </value>
            </param>
            <param index="3">
              <value>
                <![CDATA[Group Wise]]>
              </value>
[...]
          <params>
            <param index="0">
              <value>
                <![CDATA[Group Wise]]>
              </value>
            </param>
            <param index="1">
              <value>
                <![CDATA[General]]>
              </value>
            </param>
            <param index="2">
              <value>
                <![CDATA[Stock Only]]>
              </value>
            </param>
            <param index="3">
              <value>
                <![CDATA[Group Wise]]>
              </value>
            </param>
          </params>
          <reporter-output>
          </reporter-output>
        </test-method> <!-- xpath -->
        <test-method signature="xpath(java.lang.String,java.lang.String,java.lang.String,java.lang.String)[pri:0, instance:stockSummary.Stock_summary_general@6d0b5baf]" started-at="2024-11-29T10:47:05 IST" name="xpath" data-provider="filterData" finished-at="2024-11-29T10:47:15 IST" duration-ms="9790" status="PASS">
          <params>
            <param index="0">
              <value>
                <![CDATA[Group Wise]]>
              </value>
            </param>
            <param index="1">
              <value>
                <![CDATA[General]]>
              </value>
            </param>
            <param index="2">
              <value>
                <![CDATA[Stock Only]]>
              </value>
            </param>
            <param index="3">
              <value>
                <![CDATA[Material Wise]]>
              </value>
            </param>
          </params>
          <reporter-output>
          </reporter-output>
        </test-method> <!-- xpath -->
        <test-method signature="xpath(java.lang.String,java.lang.String,java.lang.String,java.lang.String)[pri:0, instance:stockSummary.Stock_summary_general@6d0b5baf]" started-at="2024-11-29T10:47:15 IST" name="xpath" data-provider="filterData" finished-at="2024-11-29T10:47:25 IST" duration-ms="9791" status="PASS">
          <params>
            <param index="0">
              <value>
                <![CDATA[Group Wise]]>
              </value>
            </param>
            <param index="1">
              <value>
                <![CDATA[General]]>
              </value>
            </param>
            <param index="2">
              <value>
                <![CDATA[Stock Only]]>
              </value>
            </param>
            <param index="3">
              <value>
                <![CDATA[HSn Wise]]>
              </value>
            </param>
          </params>
          <reporter-output>
          </reporter-output>
        </test-method> <!-- xpath -->
        <test-method signature="xpath(java.lang.String,java.lang.String,java.lang.String,java.lang.String)[pri:0, instance:stockSummary.Stock_summary_general@6d0b5baf]" started-at="2024-11-29T10:47:25 IST" name="xpath" data-provider="filterData" finished-at="2024-11-29T10:47:35 IST" duration-ms="9783" status="PASS">
          <params>
            <param index="0">
              <value>
                <![CDATA[Group Wise]]>
              </value>
            </param>
            <param index="1">
              <value>
                <![CDATA[Labour]]>
              </value>
            </param>
            <param index="2">
              <value>
                <![CDATA[Stock Only]]>
              </value>
            </param>
            <param index="3">
              <value>
                <![CDATA[Group Wise]]>
              </value>
            </param>
          </params>
          <reporter-output>
          </reporter-output>
        </test-method> <!-- xpath -->
        <test-method signature="xpath(java.lang.String,java.lang.String,java.lang.String,java.lang.String)[pri:0, instance:stockSummary.Stock_summary_general@6d0b5baf]" started-at="2024-11-29T10:47:35 IST" name="xpath" data-provider="filterData" finished-at="2024-11-29T10:47:44 IST" duration-ms="9575" status="PASS">
          <params>
            <param index="0">
              <value>
                <![CDATA[Group Wise]]>
              </value>
            </param>
            <param index="1">
              <value>
                <![CDATA[Labour]]>
              </value>
            </param>
            <param index="2">
              <value>
                <![CDATA[Stock Only]]>
              </value>
            </param>
            <param index="3">
              <value>
                <![CDATA[Material Wise]]>
              </value>
            </param>
          </params>
          <reporter-output>
          </reporter-output>
        </test-method> <!-- xpath -->
        <test-method signature="xpath(java.lang.String,java.lang.String,java.lang.String,java.lang.String)[pri:0, instance:stockSummary.Stock_summary_general@6d0b5baf]" started-at="2024-11-29T10:47:44 IST" name="xpath" data-provider="filterData" finished-at="2024-11-29T10:47:54 IST" duration-ms="9580" status="PASS">
          <params>
            <param index="0">
              <value>
                <![CDATA[Group Wise]]>
              </value>
            </param>
            <param index="1">
              <value>
                <![CDATA[Labour]]>
              </value>
            </param>
            <param index="2">
              <value>
                <![CDATA[Stock Only]]>
              </value>
            </param>
            <param index="3">
              <value>
                <![CDATA[HSn Wise]]>
              </value>
            </param>
          </params>
          <reporter-output>
          </reporter-output>
        </test-method> <!-- xpath -->
        <test-method signature="xpath(java.lang.String,java.lang.String,java.lang.String,java.lang.String)[pri:0, instance:stockSummary.Stock_summary_general@6d0b5baf]" started-at="2024-11-29T10:47:54 IST" name="xpath" data-provider="filterData" finished-at="2024-11-29T10:48:04 IST" duration-ms="9729" status="PASS">
          <params>
            <param index="0">
              <value>
                <![CDATA[Inventory TOR]]>
              </value>
            </param>
            <param index="1">
              <value>
                <![CDATA[General]]>
              </value>
            </param>
            <param index="2">
              <value>
                <![CDATA[Stock Only]]>
              </value>
            </param>
            <param index="3">
              <value>
                <![CDATA[Group Wise]]>
              </value>
            </param>
          </params>
          <reporter-output>
          </reporter-output>
        </test-method> <!-- xpath -->
        <test-method signature="xpath(java.lang.String,java.lang.String,java.lang.String,java.lang.String)[pri:0, instance:stockSummary.Stock_summary_general@6d0b5baf]" started-at="2024-11-29T10:48:04 IST" name="xpath" data-provider="filterData" finished-at="2024-11-29T10:48:14 IST" duration-ms="10013" status="PASS">
          <params>
            <param index="0">
              <value>
                <![CDATA[Inventory TOR]]>
              </value>
            </param>
            <param index="1">
              <value>
                <![CDATA[General]]>
              </value>
            </param>
            <param index="2">
              <value>
                <![CDATA[Stock Only]]>
              </value>
            </param>
            <param index="3">
              <value>
                <![CDATA[Material Wise]]>
              </value>
            </param>
          </params>
          <reporter-output>
          </reporter-output>
        </test-method> <!-- xpath -->
        <test-method signature="xpath(java.lang.String,java.lang.String,java.lang.String,java.lang.String)[pri:0, instance:stockSummary.Stock_summary_general@6d0b5baf]" started-at="2024-11-29T10:48:14 IST" name="xpath" data-provider="filterData" finished-at="2024-11-29T10:48:24 IST" duration-ms="9949" status="PASS">
          <params>
            <param index="0">
              <value>
                <![CDATA[Inventory TOR]]>
              </value>
            </param>
            <param index="1">
              <value>
                <![CDATA[General]]>
              </value>
            </param>
            <param index="2">
              <value>
                <![CDATA[Stock Only]]>
              </value>
            </param>
            <param index="3">
              <value>
                <![CDATA[HSn Wise]]>
              </value>
            </param>
          </params>
          <reporter-output>
          </reporter-output>
        </test-method> <!-- xpath -->
        <test-method signature="xpath(java.lang.String,java.lang.String,java.lang.String,java.lang.String)[pri:0, instance:stockSummary.Stock_summary_general@6d0b5baf]" started-at="2024-11-29T10:48:24 IST" name="xpath" data-provider="filterData" finished-at="2024-11-29T10:48:34 IST" duration-ms="10191" status="PASS">
          <params>
            <param index="0">
              <value>
                <![CDATA[Inventory TOR]]>
              </value>
            </param>
            <param index="1">
              <value>
                <![CDATA[Labour]]>
              </value>
            </param>
            <param index="2">
              <value>
                <![CDATA[Stock Only]]>
              </value>
            </param>
            <param index="3">
              <value>
                <![CDATA[Group Wise]]>
              </value>
            </param>
          </params>
          <reporter-output>
          </reporter-output>
        </test-method> <!-- xpath -->
        <test-method signature="xpath(java.lang.String,java.lang.String,java.lang.String,java.lang.String)[pri:0, instance:stockSummary.Stock_summary_general@6d0b5baf]" started-at="2024-11-29T10:48:34 IST" name="xpath" data-provider="filterData" finished-at="2024-11-29T10:48:44 IST" duration-ms="9834" status="PASS">
          <params>
            <param index="0">
              <value>
                <![CDATA[Inventory TOR]]>
              </value>
            </param>
            <param index="1">
              <value>
                <![CDATA[Labour]]>
              </value>
            </param>
            <param index="2">
              <value>
                <![CDATA[Stock Only]]>
              </value>
            </param>
            <param index="3">
              <value>
                <![CDATA[Material Wise]]>
              </value>
            </param>
          </params>
          <reporter-output>
          </reporter-output>
        </test-method> <!-- xpath -->
        <test-method signature="xpath(java.lang.String,java.lang.String,java.lang.String,java.lang.String)[pri:0, instance:stockSummary.Stock_summary_general@6d0b5baf]" started-at="2024-11-29T10:48:44 IST" name="xpath" data-provider="filterData" finished-at="2024-11-29T10:48:53 IST" duration-ms="9704" status="PASS">
          <params>
            <param index="0">
              <value>
                <![CDATA[Inventory TOR]]>
              </value>
            </param>
            <param index="1">
              <value>
                <![CDATA[Labour]]>
              </value>
            </param>
            <param index="2">
              <value>
                <![CDATA[Stock Only]]>
              </value>
            </param>
            <param index="3">
              <value>
                <![CDATA[HSn Wise]]>
              </value>
            </param>
          </params>
          <reporter-output>
          </reporter-output>
        </test-method> <!-- xpath -->
        <test-method signature="xpath(java.lang.String,java.lang.String,java.lang.String,java.lang.String)[pri:0, instance:stockSummary.Stock_summary_general@6d0b5baf]" started-at="2024-11-29T10:48:53 IST" name="xpath" data-provider="filterData" finished-at="2024-11-29T10:49:03 IST" duration-ms="9818" status="PASS">
          <params>
            <param index="0">
              <value>
                <![CDATA[WIP-Routesheet]]>
              </value>
            </param>
            <param index="1">
              <value>
                <![CDATA[General]]>
              </value>
            </param>
            <param index="2">
              <value>
                <![CDATA[All]]>
              </value>
            </param>
            <param index="3">
              <value>
                <![CDATA[Group Wise]]>
              </value>
            </param>
          </params>
          <reporter-output>
          </reporter-output>
        </test-method> <!-- xpath -->
        <test-method signature="xpath(java.lang.String,java.lang.String,java.lang.String,java.lang.String)[pri:0, instance:stockSummary.Stock_summary_general@6d0b5baf]" started-at="2024-11-29T10:49:03 IST" name="xpath" data-provider="filterData" finished-at="2024-11-29T10:49:13 IST" duration-ms="10112" status="PASS">
          <params>
            <param index="0">
              <value>
                <![CDATA[WIP-Summary]]>
              </value>
            </param>
            <param index="1">
              <value>
                <![CDATA[General]]>
              </value>
            </param>
            <param index="2">
              <value>
                <![CDATA[All]]>
              </value>
            </param>
            <param index="3">
              <value>
                <![CDATA[Group Wise]]>
              </value>
            </param>
          </params>
          <reporter-output>
          </reporter-output>
        </test-method> <!-- xpath -->
        <test-method signature="xpath(java.lang.String,java.lang.String,java.lang.String,java.lang.String)[pri:0, instance:stockSummary.Stock_summary_general@6d0b5baf]" started-at="2024-11-29T10:49:13 IST" name="xpath" data-provider="filterData" finished-at="2024-11-29T10:49:23 IST" duration-ms="10153" status="PASS">
          <params>
            <param index="0">
              <value>
                <![CDATA[Consolidated]]>
              </value>
            </param>
            <param index="1">
              <value>
                <![CDATA[General]]>
              </value>
            </param>
            <param index="2">
              <value>
                <![CDATA[All]]>
              </value>
            </param>
            <param index="3">
              <value>
                <![CDATA[Group Wise]]>
              </value>
            </param>
          </params>
          <reporter-output>
          </reporter-output>
        </test-method> <!-- xpath -->
        <test-method signature="xpath(java.lang.String,java.lang.String,java.lang.String,java.lang.String)[pri:0, instance:stockSummary.Stock_summary_general@6d0b5baf]" started-at="2024-11-29T10:49:23 IST" name="xpath" data-provider="filterData" finished-at="2024-11-29T10:49:39 IST" duration-ms="15951" status="PASS">
          <params>
            <param index="0">
              <value>
                <![CDATA[Consolidated]]>
              </value>
            </param>
            <param index="1">
              <value>
                <![CDATA[General]]>
              </value>
            </param>
            <param index="2">
              <value>
                <![CDATA[All]]>
              </value>
            </param>
            <param index="3">
              <value>
                <![CDATA[Material Wise]]>
              </value>
            </param>
          </params>
          <reporter-output>
          </reporter-output>
        </test-method> <!-- xpath -->
        <test-method signature="xpath(java.lang.String,java.lang.String,java.lang.String,java.lang.String)[pri:0, instance:stockSummary.Stock_summary_general@6d0b5baf]" started-at="2024-11-29T10:49:39 IST" name="xpath" data-provider="filterData" finished-at="2024-11-29T10:49:59 IST" duration-ms="19589" status="PASS">
          <params>
            <param index="0">
              <value>
                <![CDATA[Consolidated]]>
              </value>
            </param>
            <param index="1">
              <value>
                <![CDATA[General]]>
              </value>
            </param>
            <param index="2">
              <value>
                <![CDATA[All]]>
              </value>
            </param>
            <param index="3">
              <value>
                <![CDATA[HSn Wise]]>
              </value>
            </param>
          </params>
          <reporter-output>
          </reporter-output>
        </test-method> <!-- xpath -->
        <test-method signature="xpath(java.lang.String,java.lang.String,java.lang.String,java.lang.String)[pri:0, instance:stockSummary.Stock_summary_general@6d0b5baf]" started-at="2024-11-29T10:49:59 IST" name="xpath" data-provider="filterData" finished-at="2024-11-29T10:50:17 IST" duration-ms="18279" status="PASS">
          <params>
            <param index="0">
              <value>
                <![CDATA[Consolidated]]>
              </value>
            </param>
            <param index="1">
              <value>
                <![CDATA[Labour]]>
              </value>
            </param>
            <param index="2">
              <value>
                <![CDATA[All]]>
              </value>
            </param>
            <param index="3">
              <value>
                <![CDATA[Group Wise]]>
              </value>
            </param>
          </params>
          <reporter-output>
          </reporter-output>
        </test-method> <!-- xpath -->
        <test-method signature="xpath(java.lang.String,java.lang.String,java.lang.String,java.lang.String)[pri:0, instance:stockSummary.Stock_summary_general@6d0b5baf]" started-at="2024-11-29T10:50:17 IST" name="xpath" data-provider="filterData" finished-at="2024-11-29T10:50:29 IST" duration-ms="12188" status="PASS">
          <params>
            <param index="0">
              <value>
                <![CDATA[Consolidated]]>
              </value>
            </param>
            <param index="1">
              <value>
                <![CDATA[Labour]]>
              </value>
            </param>
            <param index="2">
              <value>
                <![CDATA[All]]>
              </value>
            </param>
            <param index="3">
              <value>
                <![CDATA[Material Wise]]>
              </value>
            </param>
          </params>
          <reporter-output>
          </reporter-output>
        </test-method> <!-- xpath -->
        <test-method signature="xpath(java.lang.String,java.lang.String,java.lang.String,java.lang.String)[pri:0, instance:stockSummary.Stock_summary_general@6d0b5baf]" started-at="2024-11-29T10:50:29 IST" name="xpath" data-provider="filterData" finished-at="2024-11-29T10:50:42 IST" duration-ms="12548" status="PASS">
          <params>
            <param index="0">
              <value>
                <![CDATA[Consolidated]]>
              </value>
            </param>
            <param index="1">
              <value>
                <![CDATA[Labour]]>
              </value>
            </param>
            <param index="2">
              <value>
                <![CDATA[All]]>
              </value>
            </param>
            <param index="3">
              <value>
                <![CDATA[HSN Wise]]>
              </value>
            </param>
          </params>
          <reporter-output>
          </reporter-output>
        </test-method> <!-- xpath -->
        <test-method is-config="true" signature="tearDown()[pri:0, instance:stockSummary.Stock_summary_general@6d0b5baf]" started-at="2024-11-29T10:50:42 IST" name="tearDown" finished-at="2024-11-29T10:50:43 IST" duration-ms="883" status="PASS">
          <reporter-output>
          </reporter-output>
        </test-method> <!-- tearDown -->
      </class> <!-- stockSummary.Stock_summary_general -->
    </test> <!-- Default test -->
  </suite> <!-- Default suite -->
</testng-results>
