<?xml version="1.0" encoding="UTF-8"?>
<testng-results ignored="0" total="6" passed="6" failed="0" skipped="0">
  <reporter-output>
  </reporter-output>
  <suite started-at="2024-12-16T10:25:40 IST" name="Default suite" finished-at="2024-12-16T10:26:54 IST" duration-ms="74585">
    <groups>
    </groups>
    <test started-at="2024-12-16T10:25:40 IST" name="Default test" finished-at="2024-12-16T10:26:54 IST" duration-ms="74585">
      <class name="stockSummary.Stock_summary_general">
        <test-method is-config="true" signature="setup()[pri:0, instance:stockSummary.Stock_summary_general@482d776b]" started-at="2024-12-16T10:25:40 IST" name="setup" finished-at="2024-12-16T10:25:55 IST" duration-ms="15156" status="PASS">
          <reporter-output>
          </reporter-output>
        </test-method> <!-- setup -->
        <test-method signature="testFilters(java.lang.String,java.lang.String,java.lang.String,java.lang.String)[pri:0, instance:stockSummary.Stock_summary_general@482d776b]" started-at="2024-12-16T10:25:55 IST" name="testFilters" data-provider="filterData1" finished-at="2024-12-16T10:26:10 IST" duration-ms="15562" status="PASS">
          <params>
            <param index="0">
              <value>
                <![CDATA[Consolidated]]>
              </value>
            </param>
            <param index="1">
              <value>
                <![CDATA[General]]>
              </value>
            </param>
            <param index="2">
              <value>
                <![CDATA[All]]>
              </value>
            </param>
            <param index="3">
              <value>
                <![CDATA[Group Wise]]>
              </value>
            </param>
          </params>
          <reporter-output>
          </reporter-output>
        </test-method> <!-- testFilters -->
        <test-method signature="testFilters(java.lang.String,java.lang.String,java.lang.String,java.lang.String)[pri:0, instance:stockSummary.Stock_summary_general@482d776b]" started-at="2024-12-16T10:26:10 IST" name="testFilters" data-provider="filterData1" finished-at="2024-12-16T10:26:20 IST" duration-ms="9595" status="PASS">
          <params>
            <param index="0">
              <value>
                <![CDATA[Consolidated]]>
              </value>
            </param>
            <param index="1">
              <value>
                <![CDATA[General]]>
              </value>
            </param>
            <param index="2">
              <value>
                <![CDATA[All]]>
              </value>
            </param>
            <param index="3">
              <value>
                <![CDATA[Material Wise]]>
              </value>
            </param>
          </params>
          <reporter-output>
          </reporter-output>
        </test-method> <!-- testFilters -->
        <test-method signature="testFilters(java.lang.String,java.lang.String,java.lang.String,java.lang.String)[pri:0, instance:stockSummary.Stock_summary_general@482d776b]" started-at="2024-12-16T10:26:20 IST" name="testFilters" data-provider="filterData1" finished-at="2024-12-16T10:26:30 IST" duration-ms="10263" status="PASS">
          <params>
            <param index="0">
              <value>
                <![CDATA[Consolidated]]>
              </value>
            </param>
            <param index="1">
              <value>
                <![CDATA[General]]>
              </value>
            </param>
            <param index="2">
              <value>
                <![CDATA[All]]>
              </value>
            </param>
            <param index="3">
              <value>
                <![CDATA[HSN Wise]]>
              </value>
            </param>
          </params>
          <reporter-output>
          </reporter-output>
        </test-method> <!-- testFilters -->
        <test-method signature="testFilters(java.lang.String,java.lang.String,java.lang.String,java.lang.String)[pri:0, instance:stockSummary.Stock_summary_general@482d776b]" started-at="2024-12-16T10:26:30 IST" name="testFilters" data-provider="filterData1" finished-at="2024-12-16T10:26:39 IST" duration-ms="8956" status="PASS">
          <params>
            <param index="0">
              <value>
                <![CDATA[Consolidated]]>
              </value>
            </param>
            <param index="1">
              <value>
                <![CDATA[Labour]]>
              </value>
            </param>
            <param index="2">
              <value>
                <![CDATA[All]]>
              </value>
            </param>
            <param index="3">
              <value>
                <![CDATA[Group Wise]]>
              </value>
            </param>
          </params>
          <reporter-output>
          </reporter-output>
        </test-method> <!-- testFilters -->
        <test-method signature="testFilters(java.lang.String,java.lang.String,java.lang.String,java.lang.String)[pri:0, instance:stockSummary.Stock_summary_general@482d776b]" started-at="2024-12-16T10:26:39 IST" name="testFilters" data-provider="filterData1" finished-at="2024-12-16T10:26:46 IST" duration-ms="7129" status="PASS">
          <params>
            <param index="0">
              <value>
                <![CDATA[Consolidated]]>
              </value>
            </param>
            <param index="1">
              <value>
                <![CDATA[Labour]]>
              </value>
            </param>
            <param index="2">
              <value>
                <![CDATA[All]]>
              </value>
            </param>
            <param index="3">
              <value>
                <![CDATA[Material Wise]]>
              </value>
            </param>
          </params>
          <reporter-output>
          </reporter-output>
        </test-method> <!-- testFilters -->
        <test-method signature="testFilters(java.lang.String,java.lang.String,java.lang.String,java.lang.String)[pri:0, instance:stockSummary.Stock_summary_general@482d776b]" started-at="2024-12-16T10:26:46 IST" name="testFilters" data-provider="filterData1" finished-at="2024-12-16T10:26:54 IST" duration-ms="7141" status="PASS">
          <params>
            <param index="0">
              <value>
                <![CDATA[Consolidated]]>
              </value>
            </param>
            <param index="1">
              <value>
                <![CDATA[Labour]]>
              </value>
            </param>
            <param index="2">
              <value>
                <![CDATA[All]]>
              </value>
            </param>
            <param index="3">
              <value>
                <![CDATA[HSN Wise]]>
              </value>
            </param>
          </params>
          <reporter-output>
          </reporter-output>
        </test-method> <!-- testFilters -->
        <test-method is-config="true" signature="summarizeResults()[pri:0, instance:stockSummary.Stock_summary_general@482d776b]" started-at="2024-12-16T10:26:54 IST" name="summarizeResults" finished-at="2024-12-16T10:26:54 IST" duration-ms="1" status="PASS">
          <reporter-output>
          </reporter-output>
        </test-method> <!-- summarizeResults -->
        <test-method is-config="true" signature="tearDown()[pri:0, instance:stockSummary.Stock_summary_general@482d776b]" started-at="2024-12-16T10:26:54 IST" name="tearDown" finished-at="2024-12-16T10:26:54 IST" duration-ms="687" status="PASS">
          <reporter-output>
          </reporter-output>
        </test-method> <!-- tearDown -->
      </class> <!-- stockSummary.Stock_summary_general -->
    </test> <!-- Default test -->
  </suite> <!-- Default suite -->
</testng-results>
